Release 14.7 - xst P.20131013 (lin64)
Copyright (c) 1995-2013 Xilinx, Inc.  All rights reserved.
--> 
Parameter TMPDIR set to xst/projnav.tmp


Total REAL time to Xst completion: 0.00 secs
Total CPU time to Xst completion: 0.03 secs
 
--> 
Parameter xsthdpdir set to xst


Total REAL time to Xst completion: 0.00 secs
Total CPU time to Xst completion: 0.03 secs
 
--> 
Reading design: tf530r3_bus_top.prj

TABLE OF CONTENTS
  1) Synthesis Options Summary
  2) HDL Compilation
  3) Design Hierarchy Analysis
  4) HDL Analysis
  5) HDL Synthesis
     5.1) HDL Synthesis Report
  6) Advanced HDL Synthesis
     6.1) Advanced HDL Synthesis Report
  7) Low Level Synthesis
  8) Partition Report
  9) Final Report

=========================================================================
*                      Synthesis Options Summary                        *
=========================================================================
---- Source Parameters
Input File Name                    : "tf530r3_bus_top.prj"
Input Format                       : mixed
Ignore Synthesis Constraint File   : NO

---- Target Parameters
Output File Name                   : "tf530r3_bus_top"
Output Format                      : NGC
Target Device                      : XC9500XL CPLDs

---- Source Options
Top Module Name                    : tf530r3_bus_top
Automatic FSM Extraction           : YES
FSM Encoding Algorithm             : Auto
Safe Implementation                : No
Mux Extraction                     : Yes
Resource Sharing                   : YES

---- Target Options
Add IO Buffers                     : YES
MACRO Preserve                     : YES
XOR Preserve                       : YES
Equivalent register Removal        : YES

---- General Options
Optimization Goal                  : Speed
Optimization Effort                : 1
Keep Hierarchy                     : Yes
Netlist Hierarchy                  : As_Optimized
RTL Output                         : Yes
Hierarchy Separator                : /
Bus Delimiter                      : <>
Case Specifier                     : Maintain
Verilog 2001                       : YES

---- Other Options
Clock Enable                       : YES
wysiwyg                            : NO

=========================================================================


=========================================================================
*                          HDL Compilation                              *
=========================================================================
Compiling verilog file "../files/m6800.v" in library work
Compiling verilog file "../files/bus_delay.v" in library work
Module <m6800> compiled
Compiling verilog file "../files/ata.v" in library work
Module <bus_delay> compiled
Compiling verilog file "../files/bus_top.v" in library work
Module <ata> compiled
Compiling verilog file "../files/tf530r3_bus_top.v" in library work
Module <bus_top> compiled
Module <tf530r3_bus_top> compiled
No errors in compilation
Analysis of file <"tf530r3_bus_top.prj"> succeeded.
 

=========================================================================
*                     Design Hierarchy Analysis                         *
=========================================================================
Analyzing hierarchy for module <tf530r3_bus_top> in library <work>.

Analyzing hierarchy for module <bus_top> in library <work>.

Analyzing hierarchy for module <bus_delay> in library <work> with parameters.
	DELAYS = "00000000000000000000000000001010"

Analyzing hierarchy for module <m6800> in library <work>.

Analyzing hierarchy for module <ata> in library <work>.


=========================================================================
*                            HDL Analysis                               *
=========================================================================
Analyzing top module <tf530r3_bus_top>.
Module <tf530r3_bus_top> is correct for synthesis.
 
Analyzing module <bus_top> in library <work>.
WARNING:Xst:1464 - "../files/bus_top.v" line 102: Exactly equal expression will be synthesized as an equal expression, simulation mismatch is possible.
WARNING:Xst:1464 - "../files/bus_top.v" line 103: Exactly equal expression will be synthesized as an equal expression, simulation mismatch is possible.
WARNING:Xst:1464 - "../files/bus_top.v" line 104: Exactly equal expression will be synthesized as an equal expression, simulation mismatch is possible.
Module <bus_top> is correct for synthesis.
 
Analyzing module <bus_delay> in library <work>.
	DELAYS = 32'sb00000000000000000000000000001010
Module <bus_delay> is correct for synthesis.
 
    Set user-defined property "INIT =  1" for instance <dtackint[0].DTTACK_FF> in unit <bus_delay>.
    Set user-defined property "INIT =  1" for instance <dtackint[1].DTTACK_FF> in unit <bus_delay>.
    Set user-defined property "INIT =  1" for instance <dtackint[2].DTTACK_FF> in unit <bus_delay>.
    Set user-defined property "INIT =  1" for instance <dtackint[3].DTTACK_FF> in unit <bus_delay>.
    Set user-defined property "INIT =  1" for instance <dtackint[4].DTTACK_FF> in unit <bus_delay>.
    Set user-defined property "INIT =  1" for instance <dtackint[5].DTTACK_FF> in unit <bus_delay>.
    Set user-defined property "INIT =  1" for instance <dtackint[6].DTTACK_FF> in unit <bus_delay>.
    Set user-defined property "INIT =  1" for instance <dtackint[7].DTTACK_FF> in unit <bus_delay>.
    Set user-defined property "INIT =  1" for instance <dtackint[8].DTTACK_FF> in unit <bus_delay>.
    Set user-defined property "INIT =  1" for instance <dtackint[9].DTTACK_FF> in unit <bus_delay>.
Analyzing module <m6800> in library <work>.
Module <m6800> is correct for synthesis.
 
Analyzing module <ata> in library <work>.
Module <ata> is correct for synthesis.
 

=========================================================================
*                           HDL Synthesis                               *
=========================================================================

Performing bidirectional port resolution...

Synthesizing Unit <m6800>.
    Related source file is "../files/m6800.v".
    Found 1-bit register for signal <E>.
    Found 1-bit register for signal <DSACK1_SYNC>.
    Found 4-bit up counter for signal <Q>.
    Found 1-bit register for signal <VMA_SYNC>.
    Summary:
	inferred   1 Counter(s).
	inferred   3 D-type flip-flop(s).
Unit <m6800> synthesized.


Synthesizing Unit <ata>.
    Related source file is "../files/ata.v".
WARNING:Xst:647 - Input <WAIT> is never used. This port will be preserved and left unconnected if it belongs to a top-level block or it belongs to a sub-block and the hierarchy of this sub-block is preserved.
WARNING:Xst:647 - Input <A<14:13>> is never used. This port will be preserved and left unconnected if it belongs to a top-level block or it belongs to a sub-block and the hierarchy of this sub-block is preserved.
WARNING:Xst:647 - Input <A<11:0>> is never used. This port will be preserved and left unconnected if it belongs to a top-level block or it belongs to a sub-block and the hierarchy of this sub-block is preserved.
    Found 1-bit register for signal <ASDLY>.
    Found 1-bit register for signal <ASDLY2>.
    Found 1-bit register for signal <DTACK_INT>.
    Found 1-bit register for signal <IOR_INT>.
    Found 1-bit register for signal <IOW_INT>.
    Summary:
	inferred   5 D-type flip-flop(s).
Unit <ata> synthesized.


Synthesizing Unit <bus_delay>.
    Related source file is "../files/bus_delay.v".
Unit <bus_delay> synthesized.


Synthesizing Unit <bus_top>.
    Related source file is "../files/bus_top.v".
WARNING:Xst:646 - Signal <DSACK_INT<1>> is assigned but never used. This unconnected signal will be trimmed during the optimization process.
WARNING:Xst:646 - Signal <BKPT> is assigned but never used. This unconnected signal will be trimmed during the optimization process.
    Found 1-bit tristate buffer for signal <LDS>.
    Found 1-bit tristate buffer for signal <BG>.
    Found 1-bit tristate buffer for signal <AS>.
    Found 1-bit tristate buffer for signal <UDS>.
    Found 1-bit tristate buffer for signal <BERR>.
    Found 1-bit tristate buffer for signal <VMA>.
    Found 1-bit tristate buffer for signal <RW>.
    Found 2-bit tristate buffer for signal <IPL>.
    Found 1-bit register for signal <AS20DLY>.
    Found 1-bit register for signal <AS_INT>.
    Found 1-bit register for signal <AS_INTD>.
    Found 1-bit register for signal <AVEC_INT>.
    Found 1-bit register for signal <BG_INT>.
    Found 1-bit xor2 for signal <BG_INT$xor0000> created at line 238.
    Found 1-bit register for signal <BGACK_INT>.
    Found 1-bit register for signal <BUSEN_D>.
    Found 1-bit register for signal <CANSTART>.
    Found 1-bit register for signal <CPCS_INT>.
    Found 2-bit register for signal <DSACK_INT>.
    Found 1-bit register for signal <DTACK_LATCHED>.
    Found 1-bit register for signal <DTACK_S6>.
    Found 1-bit register for signal <DTACK_S7>.
    Found 1-bit register for signal <INT2_ASSERT>.
    Found 1-bit register for signal <INT2_IACK_INT>.
    Found 1-bit register for signal <INT2_INT>.
    Found 1-bit register for signal <LDS_INT>.
    Found 1-bit register for signal <RW_INT>.
    Found 1-bit register for signal <UDS_INT>.
    Summary:
	inferred  18 D-type flip-flop(s).
	inferred   1 Xor(s).
	inferred   9 Tristate(s).
Unit <bus_top> synthesized.


Synthesizing Unit <tf530r3_bus_top>.
    Related source file is "../files/tf530r3_bus_top.v".
WARNING:Xst:647 - Input <A<14>> is never used. This port will be preserved and left unconnected if it belongs to a top-level block or it belongs to a sub-block and the hierarchy of this sub-block is preserved.
WARNING:Xst:647 - Input <A<11:1>> is never used. This port will be preserved and left unconnected if it belongs to a top-level block or it belongs to a sub-block and the hierarchy of this sub-block is preserved.
WARNING:Xst:653 - Signal <ADDRESS_MAP<14>> is used but never assigned. This sourceless signal will be automatically connected to value 0.
WARNING:Xst:653 - Signal <ADDRESS_MAP<11:1>> is used but never assigned. This sourceless signal will be automatically connected to value 00000000000.
    Found 1-bit tristate buffer for signal <DSACK<0>>.
    Found 1-bit tristate buffer for signal <HALT>.
    Found 1-bit tristate buffer for signal <INT2>.
    Found 2-bit tristate buffer for signal <IPL>.
    Found 1-bit tristate buffer for signal <OVR>.
    Found 1-bit tristate buffer for signal <RESET>.
    Found 4-bit register for signal <SLOWCYCLE_D>.
    Summary:
	inferred   7 Tristate(s).
Unit <tf530r3_bus_top> synthesized.


=========================================================================
HDL Synthesis Report

Macro Statistics
# Counters                                             : 1
 4-bit up counter                                      : 1
# Registers                                            : 28
 1-bit register                                        : 26
 2-bit register                                        : 1
 4-bit register                                        : 1
# Tristates                                            : 15
 1-bit tristate buffer                                 : 14
 2-bit tristate buffer                                 : 1
# Xors                                                 : 1
 1-bit xor2                                            : 1

=========================================================================

=========================================================================
*                       Advanced HDL Synthesis                          *
=========================================================================


=========================================================================
Advanced HDL Synthesis Report

Macro Statistics
# Counters                                             : 1
 4-bit up counter                                      : 1
# Registers                                            : 36
 Flip-Flops                                            : 36

=========================================================================

=========================================================================
*                         Low Level Synthesis                           *
=========================================================================
WARNING:Xst:1426 - The value init of the FF/Latch INT2_INT hinder the constant cleaning in the block bus_top.
   You should achieve better results by setting this init to 1.
WARNING:Xst:2677 - Node <DSACK_INT_1> of sequential type is unconnected in block <bus_top>.
WARNING:Xst:1348 - Unit bus_top is merged (output interface has tristates)
WARNING:Xst:2677 - Node <BUSTOP/INT2_ASSERT> of sequential type is unconnected in block <tf530r3_bus_top>.
WARNING:Xst:2677 - Node <BUSTOP/INT2_IACK_INT> of sequential type is unconnected in block <tf530r3_bus_top>.
WARNING:Xst:2677 - Node <BUSTOP/INT2_INT> of sequential type is unconnected in block <tf530r3_bus_top>.
WARNING:Xst:2677 - Node <BUSTOP/BUSEN_D> of sequential type is unconnected in block <tf530r3_bus_top>.

Optimizing unit <tf530r3_bus_top> ...
  implementation constraint: INIT=s	 : BUSTOP/CANSTART
  implementation constraint: INIT=s	 : BUSTOP/AS_INT
  implementation constraint: INIT=s	 : BUSTOP/AS_INTD
  implementation constraint: INIT=s	 : BUSTOP/RW_INT
  implementation constraint: INIT=s	 : BUSTOP/LDS_INT
  implementation constraint: INIT=s	 : BUSTOP/UDS_INT
  implementation constraint: INIT=s	 : BUSTOP/AS20DLY
  implementation constraint: INIT=s	 : BUSTOP/CPCS_INT
  implementation constraint: INIT=s	 : BUSTOP/AVEC_INT

Optimizing unit <ata> ...
  implementation constraint: INIT=s	 : ASDLY
  implementation constraint: INIT=s	 : ASDLY2
  implementation constraint: INIT=s	 : IOW_INT
  implementation constraint: INIT=s	 : DTACK_INT
  implementation constraint: INIT=s	 : IOR_INT

Optimizing unit <bus_delay> ...
  implementation constraint: INIT=1	 : dtackint[0].DTTACK_FF
  implementation constraint: INIT=1	 : dtackint[1].DTTACK_FF
  implementation constraint: INIT=1	 : dtackint[2].DTTACK_FF
  implementation constraint: INIT=1	 : dtackint[3].DTTACK_FF
  implementation constraint: INIT=1	 : dtackint[4].DTTACK_FF
  implementation constraint: INIT=1	 : dtackint[5].DTTACK_FF
  implementation constraint: INIT=1	 : dtackint[6].DTTACK_FF
  implementation constraint: INIT=1	 : dtackint[7].DTTACK_FF
  implementation constraint: INIT=1	 : dtackint[8].DTTACK_FF
  implementation constraint: INIT=1	 : dtackint[9].DTTACK_FF

Optimizing unit <m6800> ...
  implementation constraint: INIT=r	 : E
  implementation constraint: INIT=s	 : VMA_SYNC
  implementation constraint: INIT=s	 : DSACK1_SYNC
  implementation constraint: INIT=r	 : Q_3
  implementation constraint: INIT=s	 : Q_2
  implementation constraint: INIT=r	 : Q_0
  implementation constraint: INIT=r	 : Q_1

=========================================================================
*                           Partition Report                            *
=========================================================================

Partition Implementation Status
-------------------------------

  No Partitions were found in this design.

-------------------------------

=========================================================================
*                            Final Report                               *
=========================================================================
Final Results
RTL Top Level Output File Name     : tf530r3_bus_top.ngr
Top Level Output File Name         : tf530r3_bus_top
Output Format                      : NGC
Optimization Goal                  : Speed
Keep Hierarchy                     : Yes
Target Technology                  : XC9500XL CPLDs
Macro Preserve                     : YES
XOR Preserve                       : YES
Clock Enable                       : YES
wysiwyg                            : NO

Design Statistics
# IOs                              : 63

Cell Usage :
# BELS                             : 146
#      AND2                        : 27
#      AND3                        : 6
#      AND4                        : 6
#      AND7                        : 1
#      GND                         : 3
#      INV                         : 69
#      OR2                         : 28
#      OR3                         : 2
#      XOR2                        : 4
# FlipFlops/Latches                : 41
#      FD                          : 6
#      FDC                         : 1
#      FDCP                        : 10
#      FDP                         : 23
#      FDPE                        : 1
# Tri-States                       : 1
#      BUFE                        : 1
# IO Buffers                       : 50
#      IBUF                        : 28
#      OBUF                        : 8
#      OBUFE                       : 14
=========================================================================


Total REAL time to Xst completion: 2.00 secs
Total CPU time to Xst completion: 2.06 secs
 
--> 


Total memory usage is 609244 kilobytes

Number of errors   :    0 (   0 filtered)
Number of warnings :   19 (   0 filtered)
Number of infos    :    0 (   0 filtered)

