Release 14.7 - xst P.20131013 (lin64)
Copyright (c) 1995-2013 Xilinx, Inc.  All rights reserved.
--> 
Parameter TMPDIR set to xst/projnav.tmp


Total REAL time to Xst completion: 0.00 secs
Total CPU time to Xst completion: 0.03 secs
 
--> 
Parameter xsthdpdir set to xst


Total REAL time to Xst completion: 0.00 secs
Total CPU time to Xst completion: 0.03 secs
 
--> 
Reading design: ram_top.prj

TABLE OF CONTENTS
  1) Synthesis Options Summary
  2) HDL Compilation
  3) Design Hierarchy Analysis
  4) HDL Analysis
  5) HDL Synthesis
     5.1) HDL Synthesis Report
  6) Advanced HDL Synthesis
     6.1) Advanced HDL Synthesis Report
  7) Low Level Synthesis
  8) Partition Report
  9) Final Report

=========================================================================
*                      Synthesis Options Summary                        *
=========================================================================
---- Source Parameters
Input File Name                    : "ram_top.prj"
Input Format                       : mixed
Ignore Synthesis Constraint File   : NO

---- Target Parameters
Output File Name                   : "ram_top"
Output Format                      : NGC
Target Device                      : XC9500XL CPLDs

---- Source Options
Top Module Name                    : ram_top
Automatic FSM Extraction           : YES
FSM Encoding Algorithm             : Auto
Safe Implementation                : No
Mux Extraction                     : Yes
Resource Sharing                   : YES

---- Target Options
Add IO Buffers                     : YES
MACRO Preserve                     : YES
XOR Preserve                       : YES
Equivalent register Removal        : YES

---- General Options
Optimization Goal                  : Speed
Optimization Effort                : 1
Keep Hierarchy                     : Yes
Netlist Hierarchy                  : As_Optimized
RTL Output                         : Yes
Hierarchy Separator                : /
Bus Delimiter                      : <>
Case Specifier                     : Maintain
Verilog 2001                       : YES

---- Other Options
Clock Enable                       : YES
wysiwyg                            : NO

=========================================================================


=========================================================================
*                          HDL Compilation                              *
=========================================================================
Compiling verilog file "../files/intreqr.v" in library work
Compiling verilog file "../files/gayle.v" in library work
Module <intreqr> compiled
Compiling verilog file "../files/fastram.v" in library work
Module <gayle> compiled
Compiling verilog file "../files/autoconfig_zii.v" in library work
Module <fastram> compiled
Compiling verilog file "../files/ram_top.v" in library work
Module <autoconfig> compiled
Module <ram_top> compiled
No errors in compilation
Analysis of file <"ram_top.prj"> succeeded.
 

=========================================================================
*                     Design Hierarchy Analysis                         *
=========================================================================
Analyzing hierarchy for module <ram_top> in library <work>.

Analyzing hierarchy for module <intreqr> in library <work>.

Analyzing hierarchy for module <gayle> in library <work> with parameters.
	GAYLE_ID_RD = "1011"
	GAYLE_ID_VAL = "1101"
	GAYLE_ID_WR = "1010"
	GAYLE_INTCHG_RD = "0011"
	GAYLE_INTCHG_WR = "0010"
	GAYLE_INTENA_RD = "0101"
	GAYLE_INTENA_WR = "0100"
	GAYLE_STAT_RD = "0001"
	GAYLE_STAT_WR = "0000"

Analyzing hierarchy for module <autoconfig> in library <work> with parameters.
	CONFIGURING_RAM = "00"
	CONFIGURING_SPI = "01"
	RAM_CARD = "00000000000000000000000000000000"
	SPI_CARD = "00000000000000000000000000000001"

Analyzing hierarchy for module <fastram> in library <work>.


=========================================================================
*                            HDL Analysis                               *
=========================================================================
Analyzing top module <ram_top>.
WARNING:Xst:905 - "../files/ram_top.v" line 221: One or more signals are missing in the sensitivity list of always block. To enable synthesis of FPGA/CPLD hardware, XST will assume that all necessary signals are present in the sensitivity list. Please note that the result of the synthesis may differ from the initial design specification. The missing signals are:
   <zii_decode>, <spi_decode>, <gayle_decode>, <ram_decode>
Module <ram_top> is correct for synthesis.
 
Analyzing module <intreqr> in library <work>.
Module <intreqr> is correct for synthesis.
 
Analyzing module <gayle> in library <work>.
	GAYLE_ID_RD = 4'b1011
	GAYLE_ID_VAL = 4'b1101
	GAYLE_ID_WR = 4'b1010
	GAYLE_INTCHG_RD = 4'b0011
	GAYLE_INTCHG_WR = 4'b0010
	GAYLE_INTENA_RD = 4'b0101
	GAYLE_INTENA_WR = 4'b0100
	GAYLE_STAT_RD = 4'b0001
	GAYLE_STAT_WR = 4'b0000
Module <gayle> is correct for synthesis.
 
    Set user-defined property "INIT =  1" for instance <INT_CHNG_FF> in unit <gayle>.
Analyzing module <autoconfig> in library <work>.
	CONFIGURING_RAM = 2'b00
	CONFIGURING_SPI = 2'b01
	RAM_CARD = 32'sb00000000000000000000000000000000
	SPI_CARD = 32'sb00000000000000000000000000000001
Module <autoconfig> is correct for synthesis.
 
Analyzing module <fastram> in library <work>.
Module <fastram> is correct for synthesis.
 

=========================================================================
*                           HDL Synthesis                               *
=========================================================================

Performing bidirectional port resolution...
INFO:Xst:2561 - Always blocking tristate driving signal <D> in unit <intreqr> is removed.

Synthesizing Unit <intreqr>.
    Related source file is "../files/intreqr.v".
WARNING:Xst:2563 - Inout <D<11>> is never assigned. Tied to value Z.
WARNING:Xst:2563 - Inout <D<12>> is never assigned. Tied to value Z.
WARNING:Xst:647 - Input <CLK> is never used. This port will be preserved and left unconnected if it belongs to a top-level block or it belongs to a sub-block and the hierarchy of this sub-block is preserved.
WARNING:Xst:2563 - Inout <D<13>> is never assigned. Tied to value Z.
WARNING:Xst:2563 - Inout <D<14>> is never assigned. Tied to value Z.
WARNING:Xst:2563 - Inout <D<15>> is never assigned. Tied to value Z.
WARNING:Xst:647 - Input <DTACK> is never used. This port will be preserved and left unconnected if it belongs to a top-level block or it belongs to a sub-block and the hierarchy of this sub-block is preserved.
WARNING:Xst:647 - Input <A> is never used. This port will be preserved and left unconnected if it belongs to a top-level block or it belongs to a sub-block and the hierarchy of this sub-block is preserved.
WARNING:Xst:2563 - Inout <D<0>> is never assigned. Tied to value Z.
WARNING:Xst:647 - Input <AS20> is never used. This port will be preserved and left unconnected if it belongs to a top-level block or it belongs to a sub-block and the hierarchy of this sub-block is preserved.
WARNING:Xst:2563 - Inout <D<1>> is never assigned. Tied to value Z.
WARNING:Xst:2563 - Inout <D<2>> is never assigned. Tied to value Z.
WARNING:Xst:2563 - Inout <D<3>> is never assigned. Tied to value Z.
WARNING:Xst:2563 - Inout <D<4>> is never assigned. Tied to value Z.
WARNING:Xst:2563 - Inout <D<5>> is never assigned. Tied to value Z.
WARNING:Xst:2563 - Inout <D<6>> is never assigned. Tied to value Z.
WARNING:Xst:2563 - Inout <D<7>> is never assigned. Tied to value Z.
WARNING:Xst:2563 - Inout <D<8>> is never assigned. Tied to value Z.
WARNING:Xst:2563 - Inout <D<9>> is never assigned. Tied to value Z.
WARNING:Xst:647 - Input <INT2> is never used. This port will be preserved and left unconnected if it belongs to a top-level block or it belongs to a sub-block and the hierarchy of this sub-block is preserved.
WARNING:Xst:647 - Input <RW20> is never used. This port will be preserved and left unconnected if it belongs to a top-level block or it belongs to a sub-block and the hierarchy of this sub-block is preserved.
WARNING:Xst:2563 - Inout <D<10>> is never assigned. Tied to value Z.
    Found 1-bit tristate buffer for signal <D<15>>.
    Found 1-bit tristate buffer for signal <D<14>>.
    Found 1-bit tristate buffer for signal <D<13>>.
    Found 1-bit tristate buffer for signal <D<12>>.
    Found 1-bit tristate buffer for signal <D<11>>.
    Found 1-bit tristate buffer for signal <D<10>>.
    Found 1-bit tristate buffer for signal <D<9>>.
    Found 1-bit tristate buffer for signal <D<8>>.
    Found 1-bit tristate buffer for signal <D<7>>.
    Found 1-bit tristate buffer for signal <D<6>>.
    Found 1-bit tristate buffer for signal <D<5>>.
    Found 1-bit tristate buffer for signal <D<4>>.
    Found 1-bit tristate buffer for signal <D<3>>.
    Found 1-bit tristate buffer for signal <D<2>>.
    Found 1-bit tristate buffer for signal <D<1>>.
    Found 1-bit tristate buffer for signal <D<0>>.
    Summary:
	inferred  16 Tristate(s).
Unit <intreqr> synthesized.


Synthesizing Unit <autoconfig>.
    Related source file is "../files/autoconfig_zii.v".
WARNING:Xst:647 - Input <A<31:24>> is never used. This port will be preserved and left unconnected if it belongs to a top-level block or it belongs to a sub-block and the hierarchy of this sub-block is preserved.
WARNING:Xst:647 - Input <A<15:7>> is never used. This port will be preserved and left unconnected if it belongs to a top-level block or it belongs to a sub-block and the hierarchy of this sub-block is preserved.
WARNING:Xst:647 - Input <A<0>> is never used. This port will be preserved and left unconnected if it belongs to a top-level block or it belongs to a sub-block and the hierarchy of this sub-block is preserved.
WARNING:Xst:647 - Input <D> is never used. This port will be preserved and left unconnected if it belongs to a top-level block or it belongs to a sub-block and the hierarchy of this sub-block is preserved.
    Found 2-bit register for signal <config_out>.
    Found 2-bit register for signal <configured>.
    Found 4-bit register for signal <data_out>.
    Found 2-bit register for signal <shutup>.
    Summary:
	inferred   4 D-type flip-flop(s).
Unit <autoconfig> synthesized.


Synthesizing Unit <fastram>.
    Related source file is "../files/fastram.v".
WARNING:Xst:647 - Input <RESET> is never used. This port will be preserved and left unconnected if it belongs to a top-level block or it belongs to a sub-block and the hierarchy of this sub-block is preserved.
WARNING:Xst:647 - Input <DS20> is never used. This port will be preserved and left unconnected if it belongs to a top-level block or it belongs to a sub-block and the hierarchy of this sub-block is preserved.
WARNING:Xst:2110 - Clock of register <BURSTING> seems to be also used in the data or control logic of that element.
    Found 2-bit up counter for signal <BCOUNT>.
    Found 1-bit register for signal <BURSTING>.
    Summary:
	inferred   1 Counter(s).
Unit <fastram> synthesized.


Synthesizing Unit <gayle>.
    Related source file is "../files/gayle.v".
WARNING:Xst:647 - Input <A<31:24>> is never used. This port will be preserved and left unconnected if it belongs to a top-level block or it belongs to a sub-block and the hierarchy of this sub-block is preserved.
WARNING:Xst:647 - Input <A<14>> is never used. This port will be preserved and left unconnected if it belongs to a top-level block or it belongs to a sub-block and the hierarchy of this sub-block is preserved.
WARNING:Xst:647 - Input <A<11:0>> is never used. This port will be preserved and left unconnected if it belongs to a top-level block or it belongs to a sub-block and the hierarchy of this sub-block is preserved.
    Found 1-bit register for signal <data_out>.
    Found 4-bit register for signal <gayleid>.
    Found 1-bit register for signal <intena>.
    Found 1-bit register for signal <intlast>.
    Summary:
	inferred   3 D-type flip-flop(s).
Unit <gayle> synthesized.


Synthesizing Unit <ram_top>.
    Related source file is "../files/ram_top.v".
WARNING:Xst:647 - Input <SPI_MISO> is never used. This port will be preserved and left unconnected if it belongs to a top-level block or it belongs to a sub-block and the hierarchy of this sub-block is preserved.
WARNING:Xst:1306 - Output <SPI_WCS> is never assigned.
WARNING:Xst:647 - Input <EXTINT> is never used. This port will be preserved and left unconnected if it belongs to a top-level block or it belongs to a sub-block and the hierarchy of this sub-block is preserved.
WARNING:Xst:1780 - Signal <STERM_D2> is never used or assigned. This unconnected signal will be trimmed during the optimization process.
WARNING:Xst:646 - Signal <ROM_ACCESS> is assigned but never used. This unconnected signal will be trimmed during the optimization process.
WARNING:Xst:1780 - Signal <INTCYCLE_INT> is never used or assigned. This unconnected signal will be trimmed during the optimization process.
WARNING:Xst:1780 - Signal <CLKB4> is never used or assigned. This unconnected signal will be trimmed during the optimization process.
    Register <data_out<11>> equivalent to <data_out<10>> has been removed
    Register <data_out<8>> equivalent to <data_out<10>> has been removed
    Register <data_out<9>> equivalent to <data_out<10>> has been removed
    Found 16-bit tristate buffer for signal <D>.
    Found 4-bit register for signal <RAMCS>.
    Found 1-bit register for signal <RAMOE>.
    Found 1-bit register for signal <AS20_D>.
    Found 1-bit register for signal <CLKB2>.
    Found 4-bit register for signal <data_out<15:12>>.
    Found 1-bit register for signal <data_out<10>>.
    Found 1-bit register for signal <intcycle_dout>.
    Found 1-bit register for signal <SLOWCYCLE_D>.
    Found 1-bit register for signal <STERM_D>.
    Found 1-bit register for signal <WAITSTATE>.
    Summary:
	inferred   7 D-type flip-flop(s).
	inferred  16 Tristate(s).
Unit <ram_top> synthesized.


=========================================================================
HDL Synthesis Report

Macro Statistics
# Counters                                             : 1
 2-bit up counter                                      : 1
# Registers                                            : 23
 1-bit register                                        : 19
 2-bit register                                        : 1
 4-bit register                                        : 3
# Tristates                                            : 17
 1-bit tristate buffer                                 : 16
 16-bit tristate buffer                                : 1

=========================================================================

=========================================================================
*                       Advanced HDL Synthesis                          *
=========================================================================


=========================================================================
Advanced HDL Synthesis Report

Macro Statistics
# Counters                                             : 1
 2-bit up counter                                      : 1
# Registers                                            : 14
 Flip-Flops                                            : 14

=========================================================================

=========================================================================
*                         Low Level Synthesis                           *
=========================================================================
WARNING:Xst:1348 - Unit intreqr is merged (output interface has tristates)

Optimizing unit <ram_top> ...
  implementation constraint: INIT=s	 : STERM_D
  implementation constraint: INIT=s	 : intcycle_dout

Optimizing unit <autoconfig> ...
  implementation constraint: INIT=r	 : data_out_2
  implementation constraint: INIT=r	 : config_out_0
  implementation constraint: INIT=r	 : configured_0
  implementation constraint: INIT=r	 : shutup_1
  implementation constraint: INIT=r	 : data_out_1
  implementation constraint: INIT=r	 : data_out_3
  implementation constraint: INIT=r	 : shutup_0
  implementation constraint: INIT=r	 : data_out_0
  implementation constraint: INIT=r	 : configured_1
  implementation constraint: INIT=r	 : config_out_1

Optimizing unit <gayle> ...
  implementation constraint: INIT=1	 : INT_CHNG_FF
  implementation constraint: INIT=r	 : intlast
  implementation constraint: INIT=s	 : gayleid_2
  implementation constraint: INIT=r	 : data_out
  implementation constraint: INIT=r	 : intena
  implementation constraint: INIT=s	 : gayleid_0
  implementation constraint: INIT=s	 : gayleid_3
  implementation constraint: INIT=r	 : gayleid_1
WARNING:Xst:1293 - FF/Latch <gayleid_0> has a constant value of 1 in block <gayle>. This FF/Latch will be trimmed during the optimization process.

Optimizing unit <fastram> ...
  implementation constraint: INIT=r	 : BURSTING
  implementation constraint: INIT=s	 : BCOUNT_1
  implementation constraint: INIT=s	 : BCOUNT_0

=========================================================================
*                           Partition Report                            *
=========================================================================

Partition Implementation Status
-------------------------------

  No Partitions were found in this design.

-------------------------------

=========================================================================
*                            Final Report                               *
=========================================================================
Final Results
RTL Top Level Output File Name     : ram_top.ngr
Top Level Output File Name         : ram_top
Output Format                      : NGC
Optimization Goal                  : Speed
Keep Hierarchy                     : Yes
Target Technology                  : XC9500XL CPLDs
Macro Preserve                     : YES
XOR Preserve                       : YES
Clock Enable                       : YES
wysiwyg                            : NO

Design Statistics
# IOs                              : 81

Cell Usage :
# BELS                             : 343
#      AND2                        : 90
#      AND3                        : 18
#      AND4                        : 15
#      GND                         : 2
#      INV                         : 138
#      OR2                         : 75
#      OR3                         : 1
#      OR4                         : 1
#      VCC                         : 2
#      XOR2                        : 1
# FlipFlops/Latches                : 35
#      FD                          : 7
#      FDC                         : 3
#      FDCE                        : 8
#      FDCPE                       : 1
#      FDP                         : 12
#      FDPE                        : 4
# IO Buffers                       : 63
#      IBUF                        : 27
#      IOBUFE                      : 1
#      OBUF                        : 20
#      OBUFE                       : 15
=========================================================================


Total REAL time to Xst completion: 3.00 secs
Total CPU time to Xst completion: 2.09 secs
 
--> 


Total memory usage is 609872 kilobytes

Number of errors   :    0 (   0 filtered)
Number of warnings :   42 (   0 filtered)
Number of infos    :    1 (   0 filtered)

