 
cpldfit:  version P.20131013                        Xilinx Inc.
                                  No Fit Report
Design Name: ram_top                             Date:  3-23-2026,  1:31AM
Device Used: XC9572XL-10-VQ64
Fitting Status: Design Rule Checking Failed

**************************  Errors and Warnings  ***************************

WARNING:Cpld - Unable to retrieve the path to the iSE Project Repository. Will
   use the default filename of 'ram_top.ise'.
WARNING:Cpld:1007 - Removing unused input(s) 'SPI_MISO'.  The input(s) are
   unused after optimization. Please verify functionality via simulation.
ERROR:Cpld:847 - Insufficient number of input pins.  This design needs at least
   26 but only 15 left after allocating other resources.
ERROR:Cpld:29 - Device XC9572XL-10-VQ64 was disqualified.
ERROR:Cpld - The design requires too many resources to fit in any of the
   specified devices or design rule checks prevent this design from fitting.
ERROR:Cpld:868 - Cannot fit the design into any of the specified devices with
   the selected implementation options.
*************************  Mapped Resource Summary  **************************

No logic has been mapped.

Macrocells     Product Terms    Function Block   Registers      Pins           
Used/Tot       Used/Tot         Inps Used/Tot    Used/Tot       Used/Tot       
0  /72  (  0%) 0   /360  (  0%) 0  /216 (  0%)   0  /72  (  0%) 0  /52  (  0%)

** Global Control Resources **

Global clock net(s) unused.
Global output enable net(s) unused.
Global set/reset net(s) unused.

** Pin Resources **

Signal Type    Required     Mapped  |  Pin Type            Used    Total 
------------------------------------|------------------------------------
Input         :   26           0    |  I/O              :     0      46
Output        :   35           0    |  GCK/IO           :     0       3
Bidirectional :    1           0    |  GTS/IO           :     0       2
GCK           :    1           0    |  GSR/IO           :     0       1
GTS           :    0           0    |
GSR           :    0           0    |
                 ----        ----
        Total     63           0

End of Mapped Resource Summary
*************************  Summary of UnMapped Logic  ************************

** 36 Outputs **

Signal                             Total Total User
Name                               Pts   Inps  Assignment
CBACK                              2     2     48
CIIN                               2     2     44
RAMOE                              3     3     22
IDEWAIT                            3     3     52
INT2                               2     2     63
INTCYCLE                           2     2     56
RAMA<2>                            2     2     
RAMA<3>                            2     2     
RAMCS<0>                           3     3     27
RAMCS<1>                           3     3     25
RAMCS<2>                           3     3     24
RAMCS<3>                           3     3     23
SLOWCYCLE                          3     3     
SPI_MOSI                           0     0     5
SPI_CLK                            0     0     15
WRITEPROT                          0     0     
SPI_CS<1>                          0     0     8
SPI_CS<0>                          0     0     7
D<0>                               1     1     62
HOLD                               0     0     
D<7>                               1     1     34
D<6>                               1     1     31
D<5>                               1     1     32
D<4>                               1     1     33
D<3>                               1     1     59
D<2>                               1     1     58
D<1>                               1     1     61
STERM                              3     3     43
D<8>                               2     2     
D<10>                              2     2     
D<11>                              2     2     
D<9>                               2     3     
D<12>                              3     3     
D<13>                              3     3     
D<14>                              3     3     
D<15>                              3     3     

** 206 Buried Nodes **

Signal                             Total Total User
Name                               Pts   Inps  Assignment
AS20_D                             1     1     
AUTOCONFIG/DECODE_0_and0000        1     3     
AUTOCONFIG/DECODE_1_and0000        1     2     
AUTOCONFIG/DECODE_1_and00001       1     4     
AUTOCONFIG/DECODE_1_and00005       1     4     
AUTOCONFIG/Z2_ACCESS1              1     2     
AUTOCONFIG/Z2_ACCESS_and0001       1     2     
AUTOCONFIG/Z2_ACCESS_and00011      1     4     
AUTOCONFIG/Z2_ACCESS_and00016      1     4     
AUTOCONFIG/config_out<0>           3     3     
AUTOCONFIG/config_out<1>           4     4     
AUTOCONFIG/configured<0>           3     3     
AUTOCONFIG/configured<1>           3     3     
AUTOCONFIG/configured_0_not0001    1     2     
AUTOCONFIG/configured_0_not00011   1     2     
AUTOCONFIG/configured_0_not000110  1     4     
AUTOCONFIG/configured_0_not000111  1     2     
AUTOCONFIG/configured_0_not000112  1     3     
AUTOCONFIG/configured_0_not00019   1     2     
AUTOCONFIG/configured_1_not0001    1     3     
AUTOCONFIG/configured_1_not00011   1     4     
AUTOCONFIG/configured_1_not00018   1     4     
AUTOCONFIG/configured_1_not00019   1     2     
AUTOCONFIG/data_out_mux0000<0>17   2     2     
AUTOCONFIG/data_out_mux0000<0>1    2     2     
AUTOCONFIG/data_out_mux0000<0>18   2     2     
AUTOCONFIG/data_out_mux0000<0>13   1     2     
AUTOCONFIG/data_out_mux0000<0>16   1     2     
AUTOCONFIG/data_out_mux0000<0>19   1     2     
AUTOCONFIG/data_out_mux0000<0>2    1     2     
AUTOCONFIG/data_out_mux0000<0>20   1     3     
AUTOCONFIG/data_out_mux0000<0>21   2     2     
AUTOCONFIG/data_out_mux0000<0>14   1     2     
AUTOCONFIG/data_out_mux0000<0>23   2     2     
AUTOCONFIG/data_out_mux0000<0>15   1     2     
AUTOCONFIG/data_out_mux0000<0>25   2     2     
AUTOCONFIG/data_out_mux0000<0>     2     2     
AUTOCONFIG/data_out_mux0000<0>22   2     2     
AUTOCONFIG/data_out_mux0000<0>5    1     2     
AUTOCONFIG/data_out_mux0000<0>24   1     2     

Signal                             Total Total User
Name                               Pts   Inps  Assignment
AUTOCONFIG/data_out_mux0000<1>2    1     2     
AUTOCONFIG/data_out_mux0000<1>12   1     2     
AUTOCONFIG/data_out_mux0000<1>3    1     2     
AUTOCONFIG/data_out_mux0000<1>17   1     2     
AUTOCONFIG/data_out_mux0000<1>16   1     3     
AUTOCONFIG/data_out_mux0000<1>     2     2     
AUTOCONFIG/data_out_mux0000<1>15   2     2     
AUTOCONFIG/data_out_mux0000<1>10   2     2     
AUTOCONFIG/data_out_mux0000<1>11   2     2     
AUTOCONFIG/data_out_mux0000<1>13   2     2     
AUTOCONFIG/data_out_mux0000<1>14   2     2     
AUTOCONFIG/data_out_mux0000<1>1    2     2     
AUTOCONFIG/data_out_mux0000<1>18   2     2     
AUTOCONFIG/data_out_mux0000<2>1    2     2     
AUTOCONFIG/data_out_mux0000<2>18   1     2     
AUTOCONFIG/data_out_mux0000<2>2    1     2     
AUTOCONFIG/data_out_mux0000<2>20   1     2     
AUTOCONFIG/data_out_mux0000<2>6    1     2     
AUTOCONFIG/data_out_mux0000<2>15   1     2     
AUTOCONFIG/data_out_mux0000<2>13   1     2     
AUTOCONFIG/data_out_mux0000<2>11   1     2     
AUTOCONFIG/data_out_mux0000<2>     2     2     
AUTOCONFIG/data_out_mux0000<2>16   2     2     
AUTOCONFIG/data_out_mux0000<2>19   2     2     
AUTOCONFIG/data_out_mux0000<2>14   2     2     
AUTOCONFIG/data_out_mux0000<2>12   2     2     
AUTOCONFIG/data_out_mux0000<2>3    2     2     
AUTOCONFIG/data_out_mux0000<2>17   2     2     
AUTOCONFIG/data_out_mux0000<3>21   1     3     
AUTOCONFIG/data_out_mux0000<3>22   1     2     
AUTOCONFIG/data_out_mux0000<3>26   2     2     
AUTOCONFIG/data_out_mux0000<3>25   2     2     
AUTOCONFIG/data_out_mux0000<3>15   1     4     
AUTOCONFIG/data_out_mux0000<3>14   2     2     
AUTOCONFIG/data_out_mux0000<3>1    2     2     
AUTOCONFIG/data_out_mux0000<3>20   2     2     
AUTOCONFIG/data_out_mux0000<3>23   1     2     
AUTOCONFIG/data_out_mux0000<3>19   2     2     
AUTOCONFIG/data_out_mux0000<3>16   1     2     
AUTOCONFIG/data_out_mux0000<3>2    1     2     

Signal                             Total Total User
Name                               Pts   Inps  Assignment
AUTOCONFIG/data_out_mux0000<3>18   1     2     
AUTOCONFIG/data_out_mux0000<3>24   1     2     
AUTOCONFIG/data_out_mux0000<3>3    1     2     
AUTOCONFIG/data_out_mux0000<3>7    1     2     
AUTOCONFIG/data_out_mux0000<3>17   2     2     
AUTOCONFIG/data_out_mux0000<3>     3     3     
AUTOCONFIG/shutup<0>               3     3     
AUTOCONFIG/shutup<1>               3     3     
AUTOCONFIG/shutup_0_not0001        1     3     
AUTOCONFIG/shutup_0_not00011       1     4     
AUTOCONFIG/shutup_0_not00018       1     4     
AUTOCONFIG/shutup_0_not00019       1     2     
AUTOCONFIG/shutup_1_not0001        1     3     
AUTOCONFIG/shutup_1_not00011       1     4     
AUTOCONFIG/shutup_1_not00017       1     4     
AUTOCONFIG/shutup_1_not00018       1     2     
CE0_                               1     1     
CE1_                               1     1     
CE2_                               1     1     
CE3_                               1     1     
GAYLE/DS                           1     3     
GAYLE/GAYLE_ID_and0000             1     3     
GAYLE/GAYLE_ID_and00001            1     4     
GAYLE/GAYLE_ID_and00002            1     2     
GAYLE/GAYLE_ID_and00006            1     2     
GAYLE/GAYLE_ID_and00007            1     2     
GAYLE/GAYLE_REGS_and0000           1     3     
GAYLE/GAYLE_REGS_and00001          1     4     
GAYLE/GAYLE_REGS_and00002          1     2     
GAYLE/GAYLE_REGS_and00006          1     2     
GAYLE/GAYLE_REGS_and00007          1     2     
GAYLE/INT_CHNG                     5     5     
GAYLE/INT_CHNG_ACCESS_and0000      1     3     
GAYLE/INT_CHNG_ACCESS_and00001     1     2     
GAYLE/INT_CHNG_ACCESS_and00005     1     2     
GAYLE/INT_CHNG_ACCESS_or0000       1     2     
GAYLE/INT_CHNG_FF/\$1N62           1     2     
GAYLE/INT_CHNG_FF/\$1N64           1     2     
GAYLE/_and0000                     1     2     
GAYLE/_and0001                     1     2     

Signal                             Total Total User
Name                               Pts   Inps  Assignment
GAYLE/_and00011                    1     2     
GAYLE/data_out_mux00001            1     2     
GAYLE/data_out_mux000012           1     2     
GAYLE/data_out_mux000013           1     2     
GAYLE/data_out_mux000014           1     2     
GAYLE/data_out_mux000015           1     2     
GAYLE/data_out_mux000016           2     2     
GAYLE/data_out_mux000017           2     2     
GAYLE/data_out_mux000018           1     2     
GAYLE/data_out_mux000019           1     2     
GAYLE/data_out_mux000020           2     2     
GAYLE/data_out_mux000021           2     2     
GAYLE/data_out_mux000022           1     3     
GAYLE/data_out_mux000023           1     3     
GAYLE/data_out_mux00003            1     2     
GAYLE/data_out_mux00006            1     2     
GAYLE/data_out_mux00008            1     2     
GAYLE/gayleid<1>                   4     4     
GAYLE/gayleid<2>                   4     4     
GAYLE/gayleid<3>                   4     4     
GAYLE/gayleid_and0000              1     2     
GAYLE/gayleid_and00001             1     2     
GAYLE/gayleid_mux0000<1>1          1     2     
GAYLE/gayleid_mux0000<1>3          1     2     
GAYLE/gayleid_mux0000<2>5          1     2     
GAYLE/gayleid_mux0000<2>3          2     2     
GAYLE/gayleid_mux0000<2>4          1     2     
GAYLE/gayleid_mux0000<3>5          1     2     
GAYLE/gayleid_mux0000<3>4          1     2     
GAYLE/gayleid_mux0000<3>3          2     2     
GAYLE/intena                       4     4     
GAYLE/intena_cmp_eq0000            1     4     
GAYLE/intlast                      1     1     
RAMCONTROL/BCOUNT<0>               3     3     
RAMCONTROL/BCOUNT<1>               4     4     
RAMCONTROL/BURSTING                3     3     
RAMCONTROL/BURSTING__or00001       4     4     
RAMCONTROL/BURSTING__or00003       2     2     
RAMCONTROL/CBACK1                  2     2     
RAMCONTROL/CBACK2                  1     2     

Signal                             Total Total User
Name                               Pts   Inps  Assignment
RAMCONTROL/RAMA<2>3                1     2     
RAMCONTROL/RAMA<2>1                1     2     
RAMCONTROL/RAMA<3>3                1     2     
RAMCONTROL/RAMA<3>1                1     2     
RAMCONTROL/RAMCS<0>14              2     2     
RAMCONTROL/RAMCS<0>8               2     2     
RAMCONTROL/RAMCS<0>10              1     3     
RAMCONTROL/RAMCS<0>12              2     2     
RAMCONTROL/RAMCS<0>15              1     2     
RAMCONTROL/RAMCS<0>9               1     2     
RAMCONTROL/RAMCS<0>13              1     2     
RAMCONTROL/RAMCS<0>11              1     2     
RAMCONTROL/RAMCS<1>10              1     2     
RAMCONTROL/RAMCS<1>11              2     2     
RAMCONTROL/RAMCS<1>9               2     2     
RAMCONTROL/RAMCS<1>7               1     2     
RAMCONTROL/RAMCS<1>12              1     2     
RAMCONTROL/RAMCS<1>1               1     2     
RAMCONTROL/RAMCS<1>8               1     3     
RAMCONTROL/RAMCS<2>5               2     2     
RAMCONTROL/RAMCS<2>4               1     3     
RAMCONTROL/RAMCS<2>6               1     2     
RAMCONTROL/RAMCS<3>3               1     2     
RAMCONTROL/RAMCS<3>1               2     2     
RAMOE_INT                          2     2     
STERM_D_or00003                    1     2     
WAITSTATE                          3     3     
data_out_10__and0000               1     2     
data_out_12__or00002               1     2     
data_out_13__or00002               1     2     
data_out_14__or00002               1     2     
data_out_15__or00001               1     2     
data_out_15__or00003               2     2     
data_out_15__or00004               1     2     
db_access                          2     2     
db_access1                         1     3     
gayle_decode                       1     2     
gayle_dout                         4     4     
intcycle_dout                      3     3     
ram_decode                         2     2     

Signal                             Total Total User
Name                               Pts   Inps  Assignment
spi_decode                         2     2     
zii_decode                         2     2     
zii_dout<4>                        4     5     
zii_dout<5>                        4     5     
zii_dout<6>                        4     5     
zii_dout<7>                        4     5     

** 27 Inputs **

Signal                             User
Name                               Assignment
AS20                               47
A<0>                               51
A<12>                              50
A<13>                              49
A<15>                              38
A<16>                              35
A<17>                              20
A<18>                              19
A<19>                              18
A<1>                               4
A<20>                              17
A<21>                              2
A<22>                              1
A<23>                              64
A<2>                               9
A<3>                               10
A<4>                               11
A<5>                               12
A<6>                               13
CBREQ                              
CLKCPU                             16
DS20                               45
IDEINT                             57
RESET                              60
RW20                               40
SIZ<0>                             42
SIZ<1>                             39

*******************************  Equations  ********************************

********** UnMapped Logic **********

** Outputs **


CBACK <= ((RAMCONTROL/CBACK1)
	OR (RAMCONTROL/CBACK2));


CIIN <= ((AS20)
	OR (NOT RAMOE_INT));


D_I(0) <= '1';
D(0) <= D_I(0) when D_OE(0) = '1' else 'Z';
D_OE(0) <= NOT intcycle_dout;


D_I(1) <= '1';
D(1) <= D_I(1) when D_OE(1) = '1' else 'Z';
D_OE(1) <= NOT intcycle_dout;


D_I(2) <= '1';
D(2) <= D_I(2) when D_OE(2) = '1' else 'Z';
D_OE(2) <= NOT intcycle_dout;


D_I(3) <= '1';
D(3) <= D_I(3) when D_OE(3) = '1' else 'Z';
D_OE(3) <= NOT intcycle_dout;


D_I(4) <= '1';
D(4) <= D_I(4) when D_OE(4) = '1' else 'Z';
D_OE(4) <= NOT intcycle_dout;


D_I(5) <= '1';
D(5) <= D_I(5) when D_OE(5) = '1' else 'Z';
D_OE(5) <= NOT intcycle_dout;


D_I(6) <= '1';
D(6) <= D_I(6) when D_OE(6) = '1' else 'Z';
D_OE(6) <= NOT intcycle_dout;


D_I(7) <= '1';
D(7) <= D_I(7) when D_OE(7) = '1' else 'Z';
D_OE(7) <= NOT intcycle_dout;


D_I(8) <= D(9);
D(8) <= D_I(8) when D_OE(8) = '1' else 'Z';
D_OE(8) <= NOT intcycle_dout;

FDCPE_D9: FDCPE port map (D_I(9),D(9),CLKCPU,'0','0');
D(9) <= (NOT AS20 AND NOT spi_decode);
D(9) <= D_I(9) when D_OE(9) = '1' else 'Z';
D_OE(9) <= NOT intcycle_dout;


D_I(10) <= D(9);
D(10) <= D_I(10) when D_OE(10) = '1' else 'Z';
D_OE(10) <= NOT intcycle_dout;


D_I(11) <= D(9);
D(11) <= D_I(11) when D_OE(11) = '1' else 'Z';
D_OE(11) <= NOT intcycle_dout;

FDCPE_D12: FDCPE port map (D_I(12),D(12),CLKCPU,'0','0');
D(12) <= ((data_out_10__and0000)
	OR (data_out_12__or00002));
D(12) <= D_I(12) when D_OE(12) = '1' else 'Z';
D_OE(12) <= NOT intcycle_dout;

FDCPE_D13: FDCPE port map (D_I(13),D(13),CLKCPU,'0','0');
D(13) <= ((data_out_10__and0000)
	OR (data_out_13__or00002));
D(13) <= D_I(13) when D_OE(13) = '1' else 'Z';
D_OE(13) <= NOT intcycle_dout;

FDCPE_D14: FDCPE port map (D_I(14),D(14),CLKCPU,'0','0');
D(14) <= ((data_out_10__and0000)
	OR (data_out_14__or00002));
D(14) <= D_I(14) when D_OE(14) = '1' else 'Z';
D_OE(14) <= NOT intcycle_dout;

FDCPE_D15: FDCPE port map (D_I(15),D(15),CLKCPU,'0','0');
D(15) <= ((data_out_15__or00004)
	OR (data_out_15__or00003));
D(15) <= D_I(15) when D_OE(15) = '1' else 'Z';
D_OE(15) <= NOT intcycle_dout;


HOLD <= '1';

FDCPE_IDEWAIT: FDCPE port map (IDEWAIT,IDEWAIT_D,CLKCPU,'0',AS20);
IDEWAIT_D <= ((DS20)
	OR (INTCYCLE));


INT2 <= ((NOT GAYLE/INT_CHNG)
	OR (NOT GAYLE/intena));


INTCYCLE <= ((AS20)
	OR (ram_decode));


RAMA(2) <= ((RAMCONTROL/RAMA(2)1)
	OR (RAMCONTROL/RAMA(2)3));


RAMA(3) <= ((RAMCONTROL/RAMA(3)1)
	OR (RAMCONTROL/RAMA(3)3));

FDCPE_RAMCS0: FDCPE port map (RAMCS(0),RAMCS_D(0),CLKCPU,'0',AS20);
RAMCS_D(0) <= ((RAMOE_INT)
	OR (RAMCONTROL/RAMCS(0)15));

FDCPE_RAMCS1: FDCPE port map (RAMCS(1),RAMCS_D(1),CLKCPU,'0',AS20);
RAMCS_D(1) <= ((RAMOE_INT)
	OR (RAMCONTROL/RAMCS(1)12));

FDCPE_RAMCS2: FDCPE port map (RAMCS(2),RAMCS_D(2),CLKCPU,'0',AS20);
RAMCS_D(2) <= ((RAMOE_INT)
	OR (RAMCONTROL/RAMCS(2)6));

FDCPE_RAMCS3: FDCPE port map (RAMCS(3),RAMCS_D(3),CLKCPU,'0',AS20);
RAMCS_D(3) <= ((RAMOE_INT)
	OR (RAMCONTROL/RAMCS(3)3));

FDCPE_RAMOE: FDCPE port map (RAMOE,RAMOE_D,CLKCPU,'0',AS20);
RAMOE_D <= ((DS20)
	OR (INTCYCLE));

FDCPE_SLOWCYCLE: FDCPE port map (SLOWCYCLE,SLOWCYCLE_D,CLKCPU,'0',AS20);
SLOWCYCLE_D <= ((AS20_D)
	OR (db_access));


SPI_CLK <= '0';


SPI_CS(0) <= '1';


SPI_CS(1) <= '1';


SPI_MOSI <= '0';

FDCPE_STERM: FDCPE port map (STERM,STERM_D,CLKCPU,'0',AS20);
STERM_D <= ((WAITSTATE)
	OR (STERM_D_or00003));


WRITEPROT <= '1';

** Buried Nodes **

FDCPE_AS20_D: FDCPE port map (AS20_D,'0',CLKCPU,'0',AS20);


AUTOCONFIG/DECODE_0_and0000 <= (NOT A(23) AND NOT A(22) AND A(21));


AUTOCONFIG/DECODE_1_and0000 <= (AUTOCONFIG/DECODE_1_and00005 AND 
	AUTOCONFIG/DECODE_1_and00001);


AUTOCONFIG/DECODE_1_and00001 <= (A(22) AND A(21) AND A(19) AND A(16));


AUTOCONFIG/DECODE_1_and00005 <= (A(23) AND NOT A(20) AND NOT A(18) AND NOT A(17));


AUTOCONFIG/Z2_ACCESS1 <= (AUTOCONFIG/config_out(0) AND 
	AUTOCONFIG/config_out(1));


AUTOCONFIG/Z2_ACCESS_and0001 <= (AUTOCONFIG/Z2_ACCESS_and00011 AND 
	AUTOCONFIG/Z2_ACCESS_and00016);


AUTOCONFIG/Z2_ACCESS_and00011 <= (A(23) AND A(22) AND A(21) AND A(19));


AUTOCONFIG/Z2_ACCESS_and00016 <= (NOT A(20) AND NOT A(18) AND NOT A(17) AND NOT A(16));

FDCPE_AUTOCONFIG/config_out0: FDCPE port map (AUTOCONFIG/config_out(0),AUTOCONFIG/configured(0),AS20,NOT RESET,'0');

FDCPE_AUTOCONFIG/config_out1: FDCPE port map (AUTOCONFIG/config_out(1),AUTOCONFIG/config_out_D(1),AS20,NOT RESET,'0');
AUTOCONFIG/config_out_D(1) <= ((AUTOCONFIG/configured(0))
	OR (AUTOCONFIG/configured(1)));

FDCPE_AUTOCONFIG/configured0: FDCPE port map (AUTOCONFIG/configured(0),'1',NOT DS20,NOT RESET,'0',AUTOCONFIG/configured_0_not0001);

FDCPE_AUTOCONFIG/configured1: FDCPE port map (AUTOCONFIG/configured(1),'1',NOT DS20,NOT RESET,'0',AUTOCONFIG/configured_1_not0001);


AUTOCONFIG/configured_0_not0001 <= (AUTOCONFIG/configured_0_not000112 AND 
	AUTOCONFIG/configured_0_not000111);


AUTOCONFIG/configured_0_not00011 <= (A(6) AND A(3));


AUTOCONFIG/configured_0_not000110 <= (NOT RW20 AND NOT A(5) AND NOT A(4) AND NOT A(2));


AUTOCONFIG/configured_0_not000111 <= (NOT AUTOCONFIG/config_out(0) AND 
	NOT AUTOCONFIG/config_out(1));


AUTOCONFIG/configured_0_not000112 <= (AUTOCONFIG/configured_0_not00011 AND 
	AUTOCONFIG/configured_0_not000110 AND AUTOCONFIG/configured_0_not00019);


AUTOCONFIG/configured_0_not00019 <= (NOT A(1) AND AUTOCONFIG/Z2_ACCESS_and0001);


AUTOCONFIG/configured_1_not0001 <= (AUTOCONFIG/configured_1_not00011 AND 
	AUTOCONFIG/configured_1_not00018 AND AUTOCONFIG/configured_1_not00019);


AUTOCONFIG/configured_1_not00011 <= (A(6) AND A(3) AND AUTOCONFIG/Z2_ACCESS_and0001 AND 
	AUTOCONFIG/config_out(0));


AUTOCONFIG/configured_1_not00018 <= (NOT RW20 AND NOT A(2) AND NOT A(1) AND NOT AUTOCONFIG/config_out(1));


AUTOCONFIG/configured_1_not00019 <= (NOT A(5) AND NOT A(4));


AUTOCONFIG/data_out_mux0000(0)16 <= (NOT A(4) AND NOT AUTOCONFIG/config_out(0));


AUTOCONFIG/data_out_mux0000(0)19 <= (A(1) AND AUTOCONFIG/data_out_mux0000(0)17);


AUTOCONFIG/data_out_mux0000(0)24 <= (NOT A(3) AND AUTOCONFIG/data_out_mux0000(0)22);


AUTOCONFIG/data_out_mux0000(0)15 <= (NOT A(4) AND AUTOCONFIG/data_out_mux0000(0)5);


AUTOCONFIG/data_out_mux0000(0)2 <= (A(3) AND A(2));


AUTOCONFIG/data_out_mux0000(0)13 <= (NOT A(4) AND A(2));


AUTOCONFIG/data_out_mux0000(0)5 <= (AUTOCONFIG/config_out(1) AND zii_dout(7));


AUTOCONFIG/data_out_mux0000(0)14 <= (A(4) AND NOT A(2));


AUTOCONFIG/data_out_mux0000(0)23 <= ((AUTOCONFIG/data_out_mux0000(0)1)
	OR (AUTOCONFIG/data_out_mux0000(0)21));


AUTOCONFIG/data_out_mux0000(0)1 <= ((A(6))
	OR (A(5)));


AUTOCONFIG/data_out_mux0000(0)25 <= ((AUTOCONFIG/data_out_mux0000(0)14)
	OR (AUTOCONFIG/data_out_mux0000(0)24));


AUTOCONFIG/data_out_mux0000(0)17 <= ((A(3))
	OR (AUTOCONFIG/data_out_mux0000(0)13));


AUTOCONFIG/data_out_mux0000(0)18 <= ((NOT A(2))
	OR (AUTOCONFIG/data_out_mux0000(0)16));


AUTOCONFIG/data_out_mux0000(0)22 <= ((AUTOCONFIG/data_out_mux0000(0)15)
	OR (AUTOCONFIG/data_out_mux0000(0)20));


AUTOCONFIG/data_out_mux0000(0)21 <= ((AUTOCONFIG/data_out_mux0000(0)2)
	OR (AUTOCONFIG/data_out_mux0000(0)19));


AUTOCONFIG/data_out_mux0000(0)20 <= (NOT A(1) AND NOT AUTOCONFIG/config_out(1) AND 
	AUTOCONFIG/data_out_mux0000(0)18);


AUTOCONFIG/data_out_mux0000(0) <= ((AUTOCONFIG/data_out_mux0000(0)23)
	OR (AUTOCONFIG/data_out_mux0000(0)25));


AUTOCONFIG/data_out_mux0000(1)10 <= ((A(6))
	OR (AUTOCONFIG/data_out_mux0000(1)2));


AUTOCONFIG/data_out_mux0000(1)14 <= ((AUTOCONFIG/data_out_mux0000(1)10)
	OR (AUTOCONFIG/data_out_mux0000(1)1));


AUTOCONFIG/data_out_mux0000(1)11 <= ((A(4))
	OR (AUTOCONFIG/data_out_mux0000(1)3));


AUTOCONFIG/data_out_mux0000(1)16 <= (NOT A(4) AND NOT A(1) AND AUTOCONFIG/data_out_mux0000(1)13);


AUTOCONFIG/data_out_mux0000(1)13 <= ((NOT AUTOCONFIG/config_out(1))
	OR (zii_dout(6)));


AUTOCONFIG/data_out_mux0000(1)1 <= ((A(5))
	OR (A(3)));


AUTOCONFIG/data_out_mux0000(1) <= ((AUTOCONFIG/data_out_mux0000(1)14)
	OR (AUTOCONFIG/data_out_mux0000(1)18));


AUTOCONFIG/data_out_mux0000(1)15 <= ((AUTOCONFIG/data_out_mux0000(1)11)
	OR (AUTOCONFIG/data_out_mux0000(1)12));


AUTOCONFIG/data_out_mux0000(1)12 <= (NOT AUTOCONFIG/config_out(0) AND 
	NOT AUTOCONFIG/config_out(1));


AUTOCONFIG/data_out_mux0000(1)17 <= (NOT A(2) AND AUTOCONFIG/data_out_mux0000(1)15);


AUTOCONFIG/data_out_mux0000(1)2 <= (A(2) AND A(1));


AUTOCONFIG/data_out_mux0000(1)3 <= (AUTOCONFIG/config_out(1) AND zii_dout(6));


AUTOCONFIG/data_out_mux0000(1)18 <= ((AUTOCONFIG/data_out_mux0000(1)16)
	OR (AUTOCONFIG/data_out_mux0000(1)17));


AUTOCONFIG/data_out_mux0000(2)6 <= (AUTOCONFIG/config_out(1) AND zii_dout(5));


AUTOCONFIG/data_out_mux0000(2)2 <= (A(5) AND A(4));


AUTOCONFIG/data_out_mux0000(2)20 <= (NOT A(5) AND AUTOCONFIG/data_out_mux0000(2)19);


AUTOCONFIG/data_out_mux0000(2)15 <= (A(2) AND AUTOCONFIG/data_out_mux0000(2)12);


AUTOCONFIG/data_out_mux0000(2)13 <= (NOT AUTOCONFIG/config_out(0) AND 
	NOT AUTOCONFIG/config_out(1));


AUTOCONFIG/data_out_mux0000(2)11 <= (NOT A(1) AND AUTOCONFIG/data_out_mux0000(2)3);


AUTOCONFIG/data_out_mux0000(2)18 <= (NOT A(4) AND AUTOCONFIG/data_out_mux0000(2)16);


AUTOCONFIG/data_out_mux0000(2)16 <= ((AUTOCONFIG/data_out_mux0000(2)6)
	OR (AUTOCONFIG/data_out_mux0000(2)13));


AUTOCONFIG/data_out_mux0000(2)14 <= ((AUTOCONFIG/data_out_mux0000(2)2)
	OR (AUTOCONFIG/data_out_mux0000(2)11));


AUTOCONFIG/data_out_mux0000(2)12 <= ((A(1))
	OR (NOT AUTOCONFIG/config_out(1)));


AUTOCONFIG/data_out_mux0000(2)3 <= ((A(5))
	OR (A(4)));


AUTOCONFIG/data_out_mux0000(2)19 <= ((AUTOCONFIG/data_out_mux0000(2)15)
	OR (AUTOCONFIG/data_out_mux0000(2)18));


AUTOCONFIG/data_out_mux0000(2)17 <= ((AUTOCONFIG/data_out_mux0000(2)1)
	OR (AUTOCONFIG/data_out_mux0000(2)14));


AUTOCONFIG/data_out_mux0000(2) <= ((AUTOCONFIG/data_out_mux0000(2)17)
	OR (AUTOCONFIG/data_out_mux0000(2)20));


AUTOCONFIG/data_out_mux0000(2)1 <= ((A(6))
	OR (A(3)));


AUTOCONFIG/data_out_mux0000(3)22 <= (A(1) AND AUTOCONFIG/data_out_mux0000(3)19);


AUTOCONFIG/data_out_mux0000(3)21 <= (A(2) AND AUTOCONFIG/data_out_mux0000(3)17 AND 
	AUTOCONFIG/data_out_mux0000(3)18);


AUTOCONFIG/data_out_mux0000(3)2 <= (A(5) AND A(4));


AUTOCONFIG/data_out_mux0000(3) <= ((AUTOCONFIG/data_out_mux0000(3)1)
	OR (AUTOCONFIG/data_out_mux0000(3)25)
	OR (AUTOCONFIG/data_out_mux0000(3)26));


AUTOCONFIG/data_out_mux0000(3)23 <= (NOT A(2) AND AUTOCONFIG/data_out_mux0000(3)20);


AUTOCONFIG/data_out_mux0000(3)24 <= (NOT A(5) AND AUTOCONFIG/data_out_mux0000(3)21);


AUTOCONFIG/data_out_mux0000(3)3 <= (A(4) AND A(2));


AUTOCONFIG/data_out_mux0000(3)7 <= (AUTOCONFIG/config_out(1) AND zii_dout(4));


AUTOCONFIG/data_out_mux0000(3)18 <= (NOT A(4) AND NOT A(1));


AUTOCONFIG/data_out_mux0000(3)16 <= (NOT A(4) AND AUTOCONFIG/data_out_mux0000(3)7);


AUTOCONFIG/data_out_mux0000(3)25 <= ((AUTOCONFIG/data_out_mux0000(3)2)
	OR (AUTOCONFIG/data_out_mux0000(3)22));


AUTOCONFIG/data_out_mux0000(3)15 <= (NOT A(4) AND NOT A(2) AND AUTOCONFIG/config_out(0) AND 
	NOT AUTOCONFIG/config_out(1));


AUTOCONFIG/data_out_mux0000(3)26 <= ((AUTOCONFIG/data_out_mux0000(3)24)
	OR (AUTOCONFIG/data_out_mux0000(3)23));


AUTOCONFIG/data_out_mux0000(3)20 <= ((A(5))
	OR (AUTOCONFIG/data_out_mux0000(3)16));


AUTOCONFIG/data_out_mux0000(3)19 <= ((AUTOCONFIG/data_out_mux0000(3)14)
	OR (AUTOCONFIG/data_out_mux0000(3)15));


AUTOCONFIG/data_out_mux0000(3)17 <= ((NOT AUTOCONFIG/config_out(1))
	OR (zii_dout(4)));


AUTOCONFIG/data_out_mux0000(3)1 <= ((A(6))
	OR (A(3)));


AUTOCONFIG/data_out_mux0000(3)14 <= ((A(5))
	OR (AUTOCONFIG/data_out_mux0000(3)3));

FDCPE_AUTOCONFIG/shutup0: FDCPE port map (AUTOCONFIG/shutup(0),'1',NOT DS20,NOT RESET,'0',AUTOCONFIG/shutup_0_not0001);

FDCPE_AUTOCONFIG/shutup1: FDCPE port map (AUTOCONFIG/shutup(1),'1',NOT DS20,NOT RESET,'0',AUTOCONFIG/shutup_1_not0001);


AUTOCONFIG/shutup_0_not0001 <= (AUTOCONFIG/shutup_0_not00011 AND 
	AUTOCONFIG/shutup_0_not00018 AND AUTOCONFIG/shutup_0_not00019);


AUTOCONFIG/shutup_0_not00011 <= (A(6) AND A(3) AND A(2) AND 
	AUTOCONFIG/Z2_ACCESS_and0001);


AUTOCONFIG/shutup_0_not00018 <= (NOT RW20 AND NOT A(5) AND NOT A(4) AND NOT A(1));


AUTOCONFIG/shutup_0_not00019 <= (NOT AUTOCONFIG/config_out(0) AND 
	NOT AUTOCONFIG/config_out(1));


AUTOCONFIG/shutup_1_not0001 <= (AUTOCONFIG/shutup_1_not00017 AND 
	AUTOCONFIG/shutup_1_not00011 AND AUTOCONFIG/shutup_1_not00018);


AUTOCONFIG/shutup_1_not00011 <= (A(3) AND A(2) AND AUTOCONFIG/Z2_ACCESS_and0001 AND 
	AUTOCONFIG/config_out(0));


AUTOCONFIG/shutup_1_not00017 <= (NOT RW20 AND A(6) AND NOT A(1) AND NOT AUTOCONFIG/config_out(1));


AUTOCONFIG/shutup_1_not00018 <= (NOT A(5) AND NOT A(4));


CE0_ <= NOT zii_decode;


CE1_ <= NOT zii_decode;


CE2_ <= NOT zii_decode;


CE3_ <= NOT zii_decode;


GAYLE/DS <= (NOT DS20 AND NOT AS20 AND NOT gayle_decode);


GAYLE/GAYLE_ID_and0000 <= (NOT A(21) AND GAYLE/GAYLE_ID_and00001 AND 
	GAYLE/GAYLE_ID_and00007);


GAYLE/GAYLE_ID_and00001 <= (A(20) AND A(19) AND A(18) AND A(17));


GAYLE/GAYLE_ID_and00002 <= (A(23) AND A(22));


GAYLE/GAYLE_ID_and00006 <= (NOT A(16) AND NOT A(15));


GAYLE/GAYLE_ID_and00007 <= (GAYLE/GAYLE_ID_and00002 AND GAYLE/GAYLE_ID_and00006);


GAYLE/GAYLE_REGS_and0000 <= (NOT A(21) AND GAYLE/GAYLE_REGS_and00001 AND 
	GAYLE/GAYLE_REGS_and00007);


GAYLE/GAYLE_REGS_and00001 <= (A(20) AND A(19) AND A(17) AND A(15));


GAYLE/GAYLE_REGS_and00002 <= (A(23) AND A(22));


GAYLE/GAYLE_REGS_and00006 <= (NOT A(18) AND NOT A(16));


GAYLE/GAYLE_REGS_and00007 <= (GAYLE/GAYLE_REGS_and00002 AND 
	GAYLE/GAYLE_REGS_and00006);

FDCPE_GAYLE/INT_CHNG: FDCPE port map (GAYLE/INT_CHNG,GAYLE/INT_CHNG_D,GAYLE/DS,NOT RESET,GAYLE/_and0001);
GAYLE/INT_CHNG_D <= ((GAYLE/INT_CHNG_FF/\$1N64)
	OR (GAYLE/INT_CHNG_FF/\$1N62));


GAYLE/INT_CHNG_ACCESS_and0000 <= (NOT A(18) AND GAYLE/INT_CHNG_ACCESS_and00001 AND 
	GAYLE/INT_CHNG_ACCESS_and00005);


GAYLE/INT_CHNG_ACCESS_and00001 <= (A(12) AND GAYLE/INT_CHNG_ACCESS_or0000);


GAYLE/INT_CHNG_ACCESS_and00005 <= (NOT RW20 AND NOT A(13));


GAYLE/INT_CHNG_ACCESS_or0000 <= (NOT AS20 AND NOT gayle_decode);


GAYLE/INT_CHNG_FF/\$1N62 <= (GAYLE/INT_CHNG AND NOT GAYLE/INT_CHNG_ACCESS_and0000);


GAYLE/INT_CHNG_FF/\$1N64 <= (GAYLE/_and0000 AND GAYLE/INT_CHNG_ACCESS_and0000);


GAYLE/_and0000 <= (D(15).PIN AND GAYLE/INT_CHNG);


GAYLE/_and0001 <= (GAYLE/_and00011 AND NOT GAYLE/intlast);


GAYLE/_and00011 <= (IDEINT AND GAYLE/intena);


GAYLE/data_out_mux00001 <= (RW20 AND GAYLE/gayleid(3));


GAYLE/data_out_mux000012 <= (NOT RW20 AND gayle_dout);


GAYLE/data_out_mux000013 <= (NOT A(18) AND GAYLE/data_out_mux00003);


GAYLE/data_out_mux000014 <= (NOT RW20 AND gayle_dout);


GAYLE/data_out_mux000015 <= (NOT A(13) AND GAYLE/data_out_mux00008);


GAYLE/data_out_mux000016 <= ((GAYLE/data_out_mux00001)
	OR (GAYLE/data_out_mux000012));


GAYLE/data_out_mux000017 <= ((GAYLE/data_out_mux00006)
	OR (GAYLE/data_out_mux000014));


GAYLE/data_out_mux000018 <= (A(18) AND GAYLE/data_out_mux000016);


GAYLE/data_out_mux000019 <= (A(13) AND GAYLE/data_out_mux000017);


GAYLE/data_out_mux000020 <= ((GAYLE/data_out_mux000018)
	OR (GAYLE/data_out_mux000013));


GAYLE/data_out_mux000021 <= ((GAYLE/data_out_mux000019)
	OR (GAYLE/data_out_mux000015));


GAYLE/data_out_mux000022 <= (NOT A(13) AND A(12) AND GAYLE/data_out_mux000020);


GAYLE/data_out_mux000023 <= (NOT A(18) AND NOT A(12) AND GAYLE/data_out_mux000021);


GAYLE/data_out_mux00003 <= (RW20 AND GAYLE/INT_CHNG);


GAYLE/data_out_mux00006 <= (RW20 AND GAYLE/intena);


GAYLE/data_out_mux00008 <= (RW20 AND IDEINT);

FDCPE_GAYLE/gayleid1: FDCPE port map (GAYLE/gayleid(1),GAYLE/gayleid_D(1),GAYLE/DS,NOT RESET,'0');
GAYLE/gayleid_D(1) <= ((GAYLE/gayleid_mux0000(1)1)
	OR (GAYLE/gayleid_mux0000(1)3));

FDCPE_GAYLE/gayleid2: FDCPE port map (GAYLE/gayleid(2),GAYLE/gayleid_D(2),GAYLE/DS,'0',NOT RESET);
GAYLE/gayleid_D(2) <= ((GAYLE/gayleid_mux0000(2)5)
	OR (GAYLE/gayleid_mux0000(2)4));

FDCPE_GAYLE/gayleid3: FDCPE port map (GAYLE/gayleid(3),GAYLE/gayleid_D(3),GAYLE/DS,'0',NOT RESET);
GAYLE/gayleid_D(3) <= ((GAYLE/gayleid_mux0000(3)5)
	OR (GAYLE/gayleid_mux0000(3)4));


GAYLE/gayleid_and0000 <= (NOT A(13) AND GAYLE/gayleid_and00001);


GAYLE/gayleid_and00001 <= (A(18) AND A(12));


GAYLE/gayleid_mux0000(1)1 <= (RW20 AND GAYLE/gayleid_and0000);


GAYLE/gayleid_mux0000(1)3 <= (NOT GAYLE/gayleid_and0000 AND GAYLE/gayleid(1));


GAYLE/gayleid_mux0000(2)3 <= ((NOT RW20)
	OR (GAYLE/gayleid(1)));


GAYLE/gayleid_mux0000(2)5 <= (GAYLE/gayleid_and0000 AND GAYLE/gayleid_mux0000(2)3);


GAYLE/gayleid_mux0000(2)4 <= (NOT GAYLE/gayleid_and0000 AND GAYLE/gayleid(2));


GAYLE/gayleid_mux0000(3)3 <= ((NOT RW20)
	OR (GAYLE/gayleid(2)));


GAYLE/gayleid_mux0000(3)5 <= (GAYLE/gayleid_and0000 AND GAYLE/gayleid_mux0000(3)3);


GAYLE/gayleid_mux0000(3)4 <= (GAYLE/gayleid(3) AND NOT GAYLE/gayleid_and0000);

FDCPE_GAYLE/intena: FDCPE port map (GAYLE/intena,D(15).PIN,GAYLE/DS,NOT RESET,'0',GAYLE/intena_cmp_eq0000);


GAYLE/intena_cmp_eq0000 <= (NOT RW20 AND NOT A(18) AND A(13) AND NOT A(12));

FDCPE_GAYLE/intlast: FDCPE port map (GAYLE/intlast,IDEINT,CLKCPU,'0','0');

FDCPE_RAMCONTROL/BCOUNT0: FDCPE port map (RAMCONTROL/BCOUNT(0),NOT RAMCONTROL/BCOUNT(0),CLKCPU,AS20,'0',NOT STERM);

FDCPE_RAMCONTROL/BCOUNT1: FDCPE port map (RAMCONTROL/BCOUNT(1),RAMCONTROL/BCOUNT_D(1),CLKCPU,AS20,'0',NOT STERM);
RAMCONTROL/BCOUNT_D(1) <= RAMCONTROL/BCOUNT(1)
	 XOR 
RAMCONTROL/BCOUNT_D(1) <= RAMCONTROL/BCOUNT(0);

FDCPE_RAMCONTROL/BURSTING: FDCPE port map (RAMCONTROL/BURSTING,RAMCONTROL/BURSTING_D,NOT AS20,'0','0');
RAMCONTROL/BURSTING_D <= ((RAMCONTROL/BURSTING__or00001)
	OR (RAMCONTROL/BURSTING__or00003));


RAMCONTROL/BURSTING__or00001 <= ((CBREQ)
	OR (A(3))
	OR (A(2))
	OR (RAMOE_INT));


RAMCONTROL/BURSTING__or00003 <= ((NOT RW20)
	OR (AS20));


RAMCONTROL/CBACK1 <= ((CBREQ)
	OR (RAMCONTROL/BURSTING));


RAMCONTROL/CBACK2 <= (RAMCONTROL/BCOUNT(0) AND RAMCONTROL/BCOUNT(1));


RAMCONTROL/RAMA(2)1 <= (A(2) AND RAMCONTROL/BURSTING);


RAMCONTROL/RAMA(2)3 <= (RAMCONTROL/BCOUNT(0) AND NOT RAMCONTROL/BURSTING);


RAMCONTROL/RAMA(3)1 <= (A(3) AND RAMCONTROL/BURSTING);


RAMCONTROL/RAMA(3)3 <= (RAMCONTROL/BCOUNT(1) AND NOT RAMCONTROL/BURSTING);


RAMCONTROL/RAMCS(0)11 <= (SIZ(1) AND RAMCONTROL/RAMCS(0)8);


RAMCONTROL/RAMCS(0)13 <= (NOT A(1) AND RAMCONTROL/RAMCS(0)12);


RAMCONTROL/RAMCS(0)9 <= (NOT SIZ(1) AND SIZ(0));


RAMCONTROL/RAMCS(0)10 <= (NOT SIZ(1) AND SIZ(0) AND NOT A(0));


RAMCONTROL/RAMCS(0)15 <= (NOT RW20 AND RAMCONTROL/RAMCS(0)14);


RAMCONTROL/RAMCS(0)12 <= ((RAMCONTROL/RAMCS(0)11)
	OR (RAMCONTROL/RAMCS(0)9));


RAMCONTROL/RAMCS(0)8 <= ((NOT SIZ(0))
	OR (NOT A(0)));


RAMCONTROL/RAMCS(0)14 <= ((RAMCONTROL/RAMCS(0)10)
	OR (RAMCONTROL/RAMCS(0)13));


RAMCONTROL/RAMCS(1)8 <= (SIZ(1) AND NOT SIZ(0) AND NOT A(0));


RAMCONTROL/RAMCS(1)9 <= ((RAMCONTROL/RAMCS(1)8)
	OR (RAMCONTROL/RAMCS(1)7));


RAMCONTROL/RAMCS(1)7 <= (NOT SIZ(1) AND SIZ(0));


RAMCONTROL/RAMCS(1)12 <= (NOT RW20 AND RAMCONTROL/RAMCS(1)11);


RAMCONTROL/RAMCS(1)10 <= (NOT A(1) AND RAMCONTROL/RAMCS(1)9);


RAMCONTROL/RAMCS(1)1 <= (A(1) AND A(0));


RAMCONTROL/RAMCS(1)11 <= ((RAMCONTROL/RAMCS(1)1)
	OR (RAMCONTROL/RAMCS(1)10));


RAMCONTROL/RAMCS(2)4 <= (NOT SIZ(1) AND SIZ(0) AND NOT A(0));


RAMCONTROL/RAMCS(2)5 <= ((A(1))
	OR (RAMCONTROL/RAMCS(2)4));


RAMCONTROL/RAMCS(2)6 <= (NOT RW20 AND RAMCONTROL/RAMCS(2)5);


RAMCONTROL/RAMCS(3)1 <= ((A(1))
	OR (A(0)));


RAMCONTROL/RAMCS(3)3 <= (NOT RW20 AND RAMCONTROL/RAMCS(3)1);


RAMOE_INT <= ((DS20)
	OR (INTCYCLE));


STERM_D_or00003 <= (NOT STERM AND NOT CBACK);

FDCPE_WAITSTATE: FDCPE port map (WAITSTATE,WAITSTATE_D,CLKCPU,'0',AS20);
WAITSTATE_D <= ((DS20)
	OR (INTCYCLE));


data_out_10__and0000 <= (NOT AS20 AND NOT spi_decode);


data_out_12__or00002 <= (zii_dout(4) AND NOT zii_decode);


data_out_13__or00002 <= (zii_dout(5) AND NOT zii_decode);


data_out_14__or00002 <= (zii_dout(6) AND NOT zii_decode);


data_out_15__or00001 <= (gayle_dout AND zii_decode);


data_out_15__or00003 <= ((data_out_10__and0000)
	OR (data_out_15__or00001));


data_out_15__or00004 <= (zii_dout(7) AND NOT zii_decode);


db_access <= ((AS20)
	OR (db_access1));


db_access1 <= (zii_decode AND spi_decode AND gayle_decode);


gayle_decode <= (NOT GAYLE/GAYLE_ID_and0000 AND NOT GAYLE/GAYLE_REGS_and0000);

FDCPE_gayle_dout: FDCPE port map (gayle_dout,gayle_dout_D,GAYLE/DS,'0','0',RESET);
gayle_dout_D <= ((GAYLE/data_out_mux000022)
	OR (GAYLE/data_out_mux000023));

FDCPE_intcycle_dout: FDCPE port map (intcycle_dout,intcycle_dout_D,CLKCPU,'0',AS20);
intcycle_dout_D <= ((NOT RW20)
	OR (db_access));


ram_decode <= ((NOT AUTOCONFIG/DECODE_0_and0000)
	OR (AUTOCONFIG/shutup(0)));


spi_decode <= ((AUTOCONFIG/shutup(1))
	OR (NOT AUTOCONFIG/DECODE_1_and0000));


zii_decode <= ((NOT AUTOCONFIG/Z2_ACCESS_and0001)
	OR (AUTOCONFIG/Z2_ACCESS1));

FDCPE_zii_dout4: FDCPE port map (zii_dout(4),zii_dout_D(4),NOT DS20,'0',NOT RESET);
zii_dout_D(4) <= ((AUTOCONFIG/data_out_mux0000(3) AND CE0_)
	OR (zii_dout(4) AND NOT CE0_));

FDCPE_zii_dout5: FDCPE port map (zii_dout(5),zii_dout_D(5),NOT DS20,'0',NOT RESET);
zii_dout_D(5) <= ((AUTOCONFIG/data_out_mux0000(2) AND CE2_)
	OR (zii_dout(5) AND NOT CE2_));

FDCPE_zii_dout6: FDCPE port map (zii_dout(6),zii_dout_D(6),NOT DS20,'0',NOT RESET);
zii_dout_D(6) <= ((AUTOCONFIG/data_out_mux0000(1) AND CE1_)
	OR (zii_dout(6) AND NOT CE1_));

FDCPE_zii_dout7: FDCPE port map (zii_dout(7),zii_dout_D(7),NOT DS20,'0',NOT RESET);
zii_dout_D(7) <= ((AUTOCONFIG/data_out_mux0000(0) AND CE3_)
	OR (zii_dout(7) AND NOT CE3_));

Register Legend:
 FDCPE (Q,D,C,CLR,PRE,CE); 
 FTCPE (Q,D,C,CLR,PRE,CE); 
 LDCP  (Q,D,G,CLR,PRE); 

****************************  Compiler Options  ****************************

Following is a list of all global compiler options used by the fitter run.

Device(s) Specified                         : xc9572xl-10-VQ64
Optimization Method                         : SPEED
Multi-Level Logic Optimization              : ON
Ignore Timing Specifications                : OFF
Default Register Power Up Value             : LOW
Keep User Location Constraints              : ON
What-You-See-Is-What-You-Get                : OFF
Exhaustive Fitting                          : OFF
Keep Unused Inputs                          : OFF
Slew Rate                                   : FAST
Power Mode                                  : STD
Ground on Unused IOs                        : OFF
Set I/O Pin Termination                     : KEEPER
Global Clock Optimization                   : ON
Global Set/Reset Optimization               : ON
Global Ouput Enable Optimization            : ON
Input Limit                                 : 54
Pterm Limit                                 : 90
