 
cpldfit:  version P.20131013                        Xilinx Inc.
                                  Fitter Report
Design Name: tf530r3_ram_top                     Date:  3-23-2026,  0:29AM
Device Used: XC9572XL-10-VQ64
Fitting Status: Successful

*************************  Mapped Resource Summary  **************************

Macrocells     Product Terms    Function Block   Registers      Pins           
Used/Tot       Used/Tot         Inps Used/Tot    Used/Tot       Used/Tot       
43 /72  ( 60%) 153 /360  ( 42%) 99 /216 ( 46%)   31 /72  ( 43%) 49 /52  ( 94%)

** Function Block Resources **

Function    Mcells      FB Inps     Pterms      IO          
Block       Used/Tot    Used/Tot    Used/Tot    Used/Tot    
FB1          10/18       31/54       35/90      13/13*
FB2          16/18       30/54       53/90      12/13
FB3          12/18       31/54       58/90      13/14
FB4           5/18        7/54        7/90      11/12
             -----       -----       -----      -----    
             43/72       99/216     153/360     49/52 

* - Resource is exhausted

** Global Control Resources **

Signal 'CLKCPU' mapped onto global clock net GCK2.
Global output enable net(s) unused.
Global set/reset net(s) unused.

** Pin Resources **

Signal Type    Required     Mapped  |  Pin Type            Used    Total 
------------------------------------|------------------------------------
Input         :   25          25    |  I/O              :    43      46
Output        :   22          22    |  GCK/IO           :     3       3
Bidirectional :    1           1    |  GTS/IO           :     2       2
GCK           :    1           1    |  GSR/IO           :     1       1
GTS           :    0           0    |
GSR           :    0           0    |
                 ----        ----
        Total     49          49

** Power Data **

There are 43 macrocells in high performance mode (MCHP).
There are 0 macrocells in low power mode (MCLP).
End of Mapped Resource Summary
**************************  Errors and Warnings  ***************************

WARNING:Cpld - Unable to retrieve the path to the iSE Project Repository. Will
   use the default filename of 'tf530r3_ram_top.ise'.
WARNING:Cpld:1007 - Removing unused input(s) 'SPI_MISO'.  The input(s) are
   unused after optimization. Please verify functionality via simulation.
*************************  Summary of Mapped Logic  ************************

** 23 Outputs **

Signal                           Total Total Loc     Pin  Pin     Pin     Pwr  Slew Reg Init
Name                             Pts   Inps          No.  Type    Use     Mode Rate State
SPI_CS<1>                        0     0     FB1_2   8~   I/O     O       STD  FAST 
SPI_CLK                          0     0     FB1_9   15~  GCK/I/O O       STD  FAST 
RAMCS<3>                         3     9     FB1_12  23~  I/O     O       STD  FAST RESET
D<2>                             2     2     FB2_3   58~  I/O     O       STD  FAST 
D<3>                             2     11    FB2_4   59~  I/O     O       STD  FAST RESET
D<1>                             2     2     FB2_5   61~  I/O     O       STD  FAST 
D<0>                             2     2     FB2_6   62~  I/O     O       STD  FAST 
INT2                             1     2     FB2_8   63~  I/O     O       STD  FAST 
SPI_MOSI                         0     0     FB2_14  5~   GTS/I/O O       STD  FAST 
SPI_CS<0>                        0     0     FB2_17  7~   I/O     O       STD  FAST 
RAMOE                            2     6     FB3_2   22~  I/O     O       STD  FAST RESET
D<6>                             4     14    FB3_3   31~  I/O     O       STD  FAST RESET
D<5>                             4     14    FB3_4   32~  I/O     O       STD  FAST RESET
RAMCS<2>                         5     11    FB3_5   24~  I/O     O       STD  FAST RESET
D<7>                             13    15    FB3_6   34~  I/O     I/O     STD  FAST RESET
RAMCS<1>                         6     11    FB3_8   25~  I/O     O       STD  FAST RESET
RAMCS<0>                         6     11    FB3_9   27~  I/O     O       STD  FAST RESET
D<4>                             4     14    FB3_11  33~  I/O     O       STD  FAST RESET
STERM                            2     2     FB4_2   43~  I/O     O       STD  FAST SET
CIIN                             2     6     FB4_5   44~  I/O     O       STD  FAST 
CBACK                            0     0     FB4_11  48~  I/O     O       STD  FAST 
IDEWAIT                          2     6     FB4_12  52~  I/O     O       STD  FAST RESET
INTCYCLE                         1     5     FB4_15  56~  I/O     O       STD  FAST 

** 20 Buried Nodes **

Signal                           Total Total Loc     Pwr  Reg Init
Name                             Pts   Inps          Mode State
RAMTOP/AUTOCONFIG/config_out<1>  3     4     FB1_11  STD  RESET
RAMTOP/AUTOCONFIG/config_out<0>  3     4     FB1_13  STD  RESET
RAMTOP/GAYLE/intena              4     16    FB1_14  STD  RESET
RAMTOP/GAYLE/INT_CHNG            4     21    FB1_15  STD  SET
RAMTOP/GAYLE/gayleid<3>          5     17    FB1_16  STD  SET
RAMTOP/GAYLE/gayleid<2>          5     17    FB1_17  STD  SET
RAMTOP/gayle_dout                8     20    FB1_18  STD  RESET
RAMTOP/zii_dout<4>               10    11    FB2_1   STD  RESET
RAMTOP/GAYLE/intlast             1     1     FB2_7   STD  RESET
RAMTOP/AUTOCONFIG/shutup<1>      3     19    FB2_9   STD  RESET
RAMTOP/AUTOCONFIG/shutup<0>      3     19    FB2_10  STD  RESET
RAMTOP/AUTOCONFIG/configured<1>  3     19    FB2_11  STD  RESET
RAMTOP/AUTOCONFIG/configured<0>  3     19    FB2_12  STD  RESET
RAMTOP/zii_dout<6>               6     11    FB2_13  STD  RESET
RAMTOP/zii_dout<5>               7     11    FB2_15  STD  RESET
RAMTOP/zii_dout<7>               8     11    FB2_16  STD  RESET
RAMTOP/WAITSTATE                 2     6     FB3_15  STD  RESET
$OpTx$FX_DC$32                   2     2     FB3_16  STD  
RAMTOP/GAYLE/gayleid<1>          4     16    FB3_17  STD  RESET
RAMTOP/intcycle_dout             6     14    FB3_18  STD  SET

** 26 Inputs **

Signal                           Loc     Pin  Pin     Pin     
Name                                     No.  Type    Use     
A<5>                             FB1_3   12~  I/O     I
A<6>                             FB1_4   13~  I/O     I
A<2>                             FB1_5   9~   I/O     I
A<3>                             FB1_6   10~  I/O     I
A<4>                             FB1_8   11~  I/O     I
A<19>                            FB1_10  18~  I/O     I
CLKCPU                           FB1_11  16~  GCK/I/O GCK
A<20>                            FB1_14  17~  GCK/I/O I
A<18>                            FB1_15  19~  I/O     I
A<17>                            FB1_17  20~  I/O     I
RESET                            FB2_2   60~  I/O     I
A<23>                            FB2_9   64~  GSR/I/O I
A<22>                            FB2_10  1~   I/O     I
A<21>                            FB2_11  2~   GTS/I/O I
A<1>                             FB2_12  4~   I/O     I
SIZ<1>                           FB3_10  39~  I/O     I
RW20                             FB3_12  40~  I/O     I
A<16>                            FB3_14  35~  I/O     I
SIZ<0>                           FB3_16  42~  I/O     I
A<15>                            FB3_17  38~  I/O     I
AS20                             FB4_4   47~  I/O     I
A<13>                            FB4_6   49~  I/O     I
DS20                             FB4_8   45~  I/O     I
A<0>                             FB4_10  51~  I/O     I
A<12>                            FB4_14  50~  I/O     I
IDEINT                           FB4_17  57~  I/O     I

Legend:
Pin No. - ~ - User Assigned
**************************  Function Block Details  ************************
Legend:
Total Pt     - Total product terms used by the macrocell signal
Imp Pt       - Product terms imported from other macrocells
Exp Pt       - Product terms exported to other macrocells
               in direction shown
Unused Pt    - Unused local product terms remaining in macrocell
Loc          - Location where logic was mapped in device
Pin Type/Use - I  - Input             GCK - Global Clock
               O  - Output            GTS - Global Output Enable
              (b) - Buried macrocell  GSR - Global Set/Reset
X            - Signal used as input to the macrocell logic.
Pin No.      - ~  - User Assigned
*********************************** FB1  ***********************************
Number of function block inputs used/remaining:               31/23
Number of signals used by logic mapping into function block:  31
Signal              Total   Imp   Exp Unused  Loc     Pin   Pin     Pin
Name                Pt      Pt    Pt  Pt               #    Type    Use
(unused)              0       0   /\3   2     FB1_1         (b)     (b)
SPI_CS<1>             0       0     0   5     FB1_2   8~    I/O     O
(unused)              0       0     0   5     FB1_3   12    I/O     I
(unused)              0       0     0   5     FB1_4   13    I/O     I
(unused)              0       0     0   5     FB1_5   9     I/O     I
(unused)              0       0     0   5     FB1_6   10    I/O     I
(unused)              0       0     0   5     FB1_7         (b)     
(unused)              0       0     0   5     FB1_8   11    I/O     I
SPI_CLK               0       0     0   5     FB1_9   15~   GCK/I/O O
(unused)              0       0     0   5     FB1_10  18    I/O     I
RAMTOP/AUTOCONFIG/config_out<1>
                      3       0     0   2     FB1_11  16    GCK/I/O GCK
RAMCS<3>              3       0     0   2     FB1_12  23~   I/O     O
RAMTOP/AUTOCONFIG/config_out<0>
                      3       0     0   2     FB1_13        (b)     (b)
RAMTOP/GAYLE/intena   4       0     0   1     FB1_14  17    GCK/I/O I
RAMTOP/GAYLE/INT_CHNG
                      4       0     0   1     FB1_15  19    I/O     I
RAMTOP/GAYLE/gayleid<3>
                      5       0     0   0     FB1_16        (b)     (b)
RAMTOP/GAYLE/gayleid<2>
                      5       0     0   0     FB1_17  20    I/O     I
RAMTOP/gayle_dout     8       3<-   0   0     FB1_18        (b)     (b)

Signals Used by Logic in Function Block
  1: $OpTx$FX_DC$32    12: A<20>                            22: RAMTOP/AUTOCONFIG/shutup<1> 
  2: AS20              13: A<21>                            23: RAMTOP/GAYLE/INT_CHNG 
  3: A<0>              14: A<22>                            24: RAMTOP/GAYLE/gayleid<1> 
  4: A<12>             15: A<23>                            25: RAMTOP/GAYLE/gayleid<2> 
  5: A<13>             16: DS20                             26: RAMTOP/GAYLE/gayleid<3> 
  6: A<15>             17: IDEINT                           27: RAMTOP/GAYLE/intena 
  7: A<16>             18: D<7>.PIN                         28: RAMTOP/GAYLE/intlast 
  8: A<17>             19: RAMTOP/AUTOCONFIG/configured<0>  29: RAMTOP/gayle_dout 
  9: A<18>             20: RAMTOP/AUTOCONFIG/configured<1>  30: RESET 
 10: A<19>             21: RAMTOP/AUTOCONFIG/shutup<0>      31: RW20 
 11: A<1>             

Signal                        1         2         3         4 FB
Name                0----+----0----+----0----+----0----+----0 Inputs
SPI_CS<1>            ........................................ 0
SPI_CLK              ........................................ 0
RAMTOP/AUTOCONFIG/config_out<1> 
                     .X.................X.X.......X.......... 4
RAMCS<3>             .XX.......X.XXXX....X.........X......... 9
RAMTOP/AUTOCONFIG/config_out<0> 
                     .X................X.X........X.......... 4
RAMTOP/GAYLE/intena  XX.XX.XXXX.XXXXX.X...........XX......... 16
RAMTOP/GAYLE/INT_CHNG 
                     XX.XXXXXXX.XXXXXXX....X...XX.XX......... 21
RAMTOP/GAYLE/gayleid<3> 
                     XX.XX.XXXX.XXXXX........XX...XX......... 17
RAMTOP/GAYLE/gayleid<2> 
                     XX.XX.XXXX.XXXXX.......XX....XX......... 17
RAMTOP/gayle_dout    XX.XX.XXXX.XXXXXX.....X..XX.XXX......... 20
                    0----+----1----+----2----+----3----+----4
                              0         0         0         0
*********************************** FB2  ***********************************
Number of function block inputs used/remaining:               30/24
Number of signals used by logic mapping into function block:  30
Signal              Total   Imp   Exp Unused  Loc     Pin   Pin     Pin
Name                Pt      Pt    Pt  Pt               #    Type    Use
RAMTOP/zii_dout<4>   10       5<-   0   0     FB2_1         (b)     (b)
(unused)              0       0     0   5     FB2_2   60    I/O     I
D<2>                  2       0     0   3     FB2_3   58~   I/O     O
D<3>                  2       0     0   3     FB2_4   59~   I/O     O
D<1>                  2       0     0   3     FB2_5   61~   I/O     O
D<0>                  2       0     0   3     FB2_6   62~   I/O     O
RAMTOP/GAYLE/intlast
                      1       0     0   4     FB2_7         (b)     (b)
INT2                  1       0     0   4     FB2_8   63~   I/O     O
RAMTOP/AUTOCONFIG/shutup<1>
                      3       0     0   2     FB2_9   64    GSR/I/O I
RAMTOP/AUTOCONFIG/shutup<0>
                      3       0     0   2     FB2_10  1     I/O     I
RAMTOP/AUTOCONFIG/configured<1>
                      3       0     0   2     FB2_11  2     GTS/I/O I
RAMTOP/AUTOCONFIG/configured<0>
                      3       0   \/1   1     FB2_12  4     I/O     I
RAMTOP/zii_dout<6>    6       1<-   0   0     FB2_13        (b)     (b)
SPI_MOSI              0       0   \/2   3     FB2_14  5~    GTS/I/O O
RAMTOP/zii_dout<5>    7       2<-   0   0     FB2_15  6     I/O     (b)
RAMTOP/zii_dout<7>    8       3<-   0   0     FB2_16        (b)     (b)
SPI_CS<0>             0       0   /\3   2     FB2_17  7~    I/O     O
(unused)              0       0   \/5   0     FB2_18        (b)     (b)

Signals Used by Logic in Function Block
  1: AS20              11: A<2>                             21: RAMTOP/AUTOCONFIG/shutup<1> 
  2: A<16>             12: A<3>                             22: RAMTOP/GAYLE/INT_CHNG 
  3: A<17>             13: A<4>                             23: RAMTOP/GAYLE/intena 
  4: A<18>             14: A<5>                             24: RAMTOP/intcycle_dout 
  5: A<19>             15: A<6>                             25: RAMTOP/zii_dout<4> 
  6: A<1>              16: D<3>                             26: RAMTOP/zii_dout<5> 
  7: A<20>             17: DS20                             27: RAMTOP/zii_dout<6> 
  8: A<21>             18: IDEINT                           28: RAMTOP/zii_dout<7> 
  9: A<22>             19: RAMTOP/AUTOCONFIG/config_out<0>  29: RESET 
 10: A<23>             20: RAMTOP/AUTOCONFIG/config_out<1>  30: RW20 

Signal                        1         2         3         4 FB
Name                0----+----0----+----0----+----0----+----0 Inputs
RAMTOP/zii_dout<4>   .....X....XXXXX.X.XX....X...X........... 11
D<2>                 ...............X.......X................ 2
D<3>                 XXXXX.XXXX..........X..X................ 11
D<1>                 ...............X.......X................ 2
D<0>                 ...............X.......X................ 2
RAMTOP/GAYLE/intlast 
                     .................X...................... 1
INT2                 .....................XX................. 2
RAMTOP/AUTOCONFIG/shutup<1> 
                     .XXXXXXXXXXXXXX.X.XX........XX.......... 19
RAMTOP/AUTOCONFIG/shutup<0> 
                     .XXXXXXXXXXXXXX.X.XX........XX.......... 19
RAMTOP/AUTOCONFIG/configured<1> 
                     .XXXXXXXXXXXXXX.X.XX........XX.......... 19
RAMTOP/AUTOCONFIG/configured<0> 
                     .XXXXXXXXXXXXXX.X.XX........XX.......... 19
RAMTOP/zii_dout<6>   .....X....XXXXX.X.XX......X.X........... 11
SPI_MOSI             ........................................ 0
RAMTOP/zii_dout<5>   .....X....XXXXX.X.XX.....X..X........... 11
RAMTOP/zii_dout<7>   .....X....XXXXX.X.XX.......XX........... 11
SPI_CS<0>            ........................................ 0
                    0----+----1----+----2----+----3----+----4
                              0         0         0         0
*********************************** FB3  ***********************************
Number of function block inputs used/remaining:               31/23
Number of signals used by logic mapping into function block:  31
Signal              Total   Imp   Exp Unused  Loc     Pin   Pin     Pin
Name                Pt      Pt    Pt  Pt               #    Type    Use
(unused)              0       0     0   5     FB3_1         (b)     
RAMOE                 2       0     0   3     FB3_2   22~   I/O     O
D<6>                  4       0     0   1     FB3_3   31~   I/O     O
D<5>                  4       0   \/1   0     FB3_4   32~   I/O     O
RAMCS<2>              5       1<- \/1   0     FB3_5   24~   I/O     O
D<7>                 13       8<-   0   0     FB3_6   34~   I/O     I/O
(unused)              0       0   /\5   0     FB3_7         (b)     (b)
RAMCS<1>              6       3<- /\2   0     FB3_8   25~   I/O     O
RAMCS<0>              6       4<- /\3   0     FB3_9   27~   I/O     O
(unused)              0       0   /\4   1     FB3_10  39    I/O     I
D<4>                  4       0     0   1     FB3_11  33~   I/O     O
(unused)              0       0     0   5     FB3_12  40    I/O     I
(unused)              0       0     0   5     FB3_13        (b)     
(unused)              0       0     0   5     FB3_14  35    I/O     I
RAMTOP/WAITSTATE      2       0     0   3     FB3_15  36    I/O     (b)
$OpTx$FX_DC$32        2       0     0   3     FB3_16  42    I/O     I
RAMTOP/GAYLE/gayleid<1>
                      4       0   \/1   0     FB3_17  38    I/O     I
RAMTOP/intcycle_dout
                      6       1<-   0   0     FB3_18        (b)     (b)

Signals Used by Logic in Function Block
  1: $OpTx$FX_DC$32    12: A<20>                            22: RAMTOP/gayle_dout 
  2: AS20              13: A<21>                            23: RAMTOP/intcycle_dout 
  3: A<0>              14: A<22>                            24: RAMTOP/zii_dout<4> 
  4: A<12>             15: A<23>                            25: RAMTOP/zii_dout<5> 
  5: A<13>             16: DS20                             26: RAMTOP/zii_dout<6> 
  6: A<15>             17: RAMTOP/AUTOCONFIG/config_out<0>  27: RAMTOP/zii_dout<7> 
  7: A<16>             18: RAMTOP/AUTOCONFIG/config_out<1>  28: RESET 
  8: A<17>             19: RAMTOP/AUTOCONFIG/shutup<0>      29: RW20 
  9: A<18>             20: RAMTOP/AUTOCONFIG/shutup<1>      30: SIZ<0> 
 10: A<19>             21: RAMTOP/GAYLE/gayleid<1>          31: SIZ<1> 
 11: A<1>             

Signal                        1         2         3         4 FB
Name                0----+----0----+----0----+----0----+----0 Inputs
RAMOE                .X..........XXXX..X..................... 6
D<6>                 .X....XXXX.XXXX.XX.X..X..X.............. 14
D<5>                 .X....XXXX.XXXX.XX.X..X.X............... 14
RAMCS<2>             .XX.......X.XXXX..X.........XXX......... 11
D<7>                 .X....XXXX.XXXX.XX.X.XX...X............. 15
RAMCS<1>             .XX.......X.XXXX..X.........XXX......... 11
RAMCS<0>             .XX.......X.XXXX..X.........XXX......... 11
D<4>                 .X....XXXX.XXXX.XX.X..XX................ 14
RAMTOP/WAITSTATE     .X..........XXXX..X..................... 6
$OpTx$FX_DC$32       .....X..X............................... 2
RAMTOP/GAYLE/gayleid<1> 
                     XX.XX.XXXX.XXXXX....X......XX........... 16
RAMTOP/intcycle_dout 
                     .X...XXXXX.XXXX.XX.X........X........... 14
                    0----+----1----+----2----+----3----+----4
                              0         0         0         0
*********************************** FB4  ***********************************
Number of function block inputs used/remaining:               7/47
Number of signals used by logic mapping into function block:  7
Signal              Total   Imp   Exp Unused  Loc     Pin   Pin     Pin
Name                Pt      Pt    Pt  Pt               #    Type    Use
(unused)              0       0     0   5     FB4_1         (b)     
STERM                 2       0     0   3     FB4_2   43~   I/O     O
(unused)              0       0     0   5     FB4_3   46    I/O     
(unused)              0       0     0   5     FB4_4   47    I/O     I
CIIN                  2       0     0   3     FB4_5   44~   I/O     O
(unused)              0       0     0   5     FB4_6   49    I/O     I
(unused)              0       0     0   5     FB4_7         (b)     
(unused)              0       0     0   5     FB4_8   45    I/O     I
(unused)              0       0     0   5     FB4_9         (b)     
(unused)              0       0     0   5     FB4_10  51    I/O     I
CBACK                 0       0     0   5     FB4_11  48~   I/O     O
IDEWAIT               2       0     0   3     FB4_12  52~   I/O     O
(unused)              0       0     0   5     FB4_13        (b)     
(unused)              0       0     0   5     FB4_14  50    I/O     I
INTCYCLE              1       0     0   4     FB4_15  56~   I/O     O
(unused)              0       0     0   5     FB4_16        (b)     
(unused)              0       0     0   5     FB4_17  57    I/O     I
(unused)              0       0     0   5     FB4_18        (b)     

Signals Used by Logic in Function Block
  1: AS20               4: A<23>              6: RAMTOP/AUTOCONFIG/shutup<0> 
  2: A<21>              5: DS20               7: RAMTOP/WAITSTATE 
  3: A<22>            

Signal                        1         2         3         4 FB
Name                0----+----0----+----0----+----0----+----0 Inputs
STERM                X.....X................................. 2
CIIN                 XXXXXX.................................. 6
CBACK                ........................................ 0
IDEWAIT              XXXXXX.................................. 6
INTCYCLE             XXXX.X.................................. 5
                    0----+----1----+----2----+----3----+----4
                              0         0         0         0
*******************************  Equations  ********************************

********** Mapped Logic **********

$OpTx$FX_DC$32 = A<15>
	$ A<18>;    

CBACK = Vcc;    

CIIN = AS20
	# !A<22> & A<21> & !A<23> & !DS20 & 
	!RAMTOP/AUTOCONFIG/shutup<0>;    

D<0> = D<3>;
   D<0>.OE = !RAMTOP/intcycle_dout;    

D<1> = D<3>;
   D<1>.OE = !RAMTOP/intcycle_dout;    

D<2> = D<3>;
   D<2>.OE = !RAMTOP/intcycle_dout;    

D<3>.D = !AS20 & A<22> & A<21> & A<19> & A<16> & A<23> & 
	!A<20> & !A<18> & !A<17> & !RAMTOP/AUTOCONFIG/shutup<1>;
   D<3>.CLK = CLKCPU;	// GCK
   D<3>.OE = !RAMTOP/intcycle_dout;    

D<4>.D = !AS20 & A<22> & A<21> & A<19> & A<16> & A<23> & 
	!A<20> & !A<18> & !A<17> & !RAMTOP/AUTOCONFIG/shutup<1>
	# A<22> & A<21> & A<19> & !A<16> & A<23> & !A<20> & 
	!A<18> & !A<17> & !RAMTOP/AUTOCONFIG/config_out<1> & 
	RAMTOP/zii_dout<4>
	# A<22> & A<21> & A<19> & !A<16> & A<23> & !A<20> & 
	!A<18> & !A<17> & !RAMTOP/AUTOCONFIG/config_out<0> & 
	RAMTOP/zii_dout<4>;
   D<4>.CLK = CLKCPU;	// GCK
   D<4>.OE = !RAMTOP/intcycle_dout;    

D<5>.D = !AS20 & A<22> & A<21> & A<19> & A<16> & A<23> & 
	!A<20> & !A<18> & !A<17> & !RAMTOP/AUTOCONFIG/shutup<1>
	# A<22> & A<21> & A<19> & !A<16> & A<23> & !A<20> & 
	!A<18> & !A<17> & !RAMTOP/AUTOCONFIG/config_out<1> & 
	RAMTOP/zii_dout<5>
	# A<22> & A<21> & A<19> & !A<16> & A<23> & !A<20> & 
	!A<18> & !A<17> & !RAMTOP/AUTOCONFIG/config_out<0> & 
	RAMTOP/zii_dout<5>;
   D<5>.CLK = CLKCPU;	// GCK
   D<5>.OE = !RAMTOP/intcycle_dout;    

D<6>.D = !AS20 & A<22> & A<21> & A<19> & A<16> & A<23> & 
	!A<20> & !A<18> & !A<17> & !RAMTOP/AUTOCONFIG/shutup<1>
	# A<22> & A<21> & A<19> & !A<16> & A<23> & !A<20> & 
	!A<18> & !A<17> & !RAMTOP/AUTOCONFIG/config_out<1> & 
	RAMTOP/zii_dout<6>
	# A<22> & A<21> & A<19> & !A<16> & A<23> & !A<20> & 
	!A<18> & !A<17> & !RAMTOP/AUTOCONFIG/config_out<0> & 
	RAMTOP/zii_dout<6>;
   D<6>.CLK = CLKCPU;	// GCK
   D<6>.OE = !RAMTOP/intcycle_dout;    

D<7>.D = !A<22> & RAMTOP/gayle_dout
	# !A<21> & RAMTOP/gayle_dout
	# !A<19> & RAMTOP/gayle_dout
	# !A<23> & RAMTOP/gayle_dout
;Imported pterms FB3_5
	# A<18> & RAMTOP/gayle_dout
;Imported pterms FB3_7
	# A<16> & RAMTOP/gayle_dout
	# A<20> & RAMTOP/gayle_dout
	# A<17> & RAMTOP/gayle_dout
	# RAMTOP/AUTOCONFIG/config_out<1> & 
	RAMTOP/AUTOCONFIG/config_out<0> & RAMTOP/gayle_dout
	# A<22> & A<21> & A<19> & !A<16> & A<23> & !A<20> & 
	!A<18> & !A<17> & !RAMTOP/AUTOCONFIG/config_out<1> & 
	RAMTOP/zii_dout<7>
;Imported pterms FB3_8
	# !AS20 & A<22> & A<21> & A<19> & A<16> & A<23> & 
	!A<20> & !A<18> & !A<17> & !RAMTOP/AUTOCONFIG/shutup<1>
	# A<22> & A<21> & A<19> & !A<16> & A<23> & !A<20> & 
	!A<18> & !A<17> & !RAMTOP/AUTOCONFIG/config_out<0> & 
	RAMTOP/zii_dout<7>;
   D<7>.CLK = CLKCPU;	// GCK
   D<7>.OE = !RAMTOP/intcycle_dout;    

!IDEWAIT.D = !AS20 & !A<22> & A<21> & !A<23> & !DS20 & 
	!RAMTOP/AUTOCONFIG/shutup<0>;
   IDEWAIT.CLK = CLKCPU;	// GCK
   IDEWAIT.AP = AS20;    

INT2 = Gnd;
   INT2.OE = RAMTOP/GAYLE/INT_CHNG & RAMTOP/GAYLE/intena;    

!INTCYCLE = !AS20 & !A<22> & A<21> & !A<23> & 
	!RAMTOP/AUTOCONFIG/shutup<0>;    

!RAMCS<0>.D = !AS20 & !A<22> & A<21> & !A<23> & RW20 & !DS20 & 
	!RAMTOP/AUTOCONFIG/shutup<0>
;Imported pterms FB3_10
	# !AS20 & !A<22> & A<21> & !A<23> & !DS20 & 
	!RAMTOP/AUTOCONFIG/shutup<0> & A<1> & SIZ<1>
	# !AS20 & !A<22> & A<21> & !A<23> & !DS20 & 
	!RAMTOP/AUTOCONFIG/shutup<0> & A<1> & A<0>
	# !AS20 & !A<22> & A<21> & !A<23> & !DS20 & 
	!RAMTOP/AUTOCONFIG/shutup<0> & !SIZ<0> & !SIZ<1>
	# !AS20 & !A<22> & A<21> & !A<23> & !DS20 & 
	!RAMTOP/AUTOCONFIG/shutup<0> & SIZ<0> & SIZ<1> & A<0>;
   RAMCS<0>.CLK = CLKCPU;	// GCK
   RAMCS<0>.AP = AS20;    

!RAMCS<1>.D = !AS20 & !A<22> & A<21> & !A<23> & RW20 & !DS20 & 
	!RAMTOP/AUTOCONFIG/shutup<0>
	# !AS20 & !A<22> & A<21> & !A<23> & !DS20 & 
	!RAMTOP/AUTOCONFIG/shutup<0> & A<1> & !A<0>
;Imported pterms FB3_9
	# !AS20 & !A<22> & A<21> & !A<23> & !DS20 & 
	!RAMTOP/AUTOCONFIG/shutup<0> & !A<1> & SIZ<0> & SIZ<1>
	# !AS20 & !A<22> & A<21> & !A<23> & !DS20 & 
	!RAMTOP/AUTOCONFIG/shutup<0> & !A<1> & !SIZ<0> & !SIZ<1>
	# !AS20 & !A<22> & A<21> & !A<23> & !DS20 & 
	!RAMTOP/AUTOCONFIG/shutup<0> & !A<1> & !SIZ<0> & A<0>;
   RAMCS<1>.CLK = CLKCPU;	// GCK
   RAMCS<1>.AP = AS20;    

!RAMCS<2>.D = !AS20 & !A<22> & A<21> & !A<23> & RW20 & !DS20 & 
	!RAMTOP/AUTOCONFIG/shutup<0>
	# !AS20 & !A<22> & A<21> & !A<23> & !DS20 & 
	!RAMTOP/AUTOCONFIG/shutup<0> & !A<1> & !SIZ<0>
	# !AS20 & !A<22> & A<21> & !A<23> & !DS20 & 
	!RAMTOP/AUTOCONFIG/shutup<0> & !A<1> & A<0>
;Imported pterms FB3_4
	# !AS20 & !A<22> & A<21> & !A<23> & !DS20 & 
	!RAMTOP/AUTOCONFIG/shutup<0> & !A<1> & SIZ<1>;
   RAMCS<2>.CLK = CLKCPU;	// GCK
   RAMCS<2>.AP = AS20;    

!RAMCS<3>.D = !AS20 & !A<22> & A<21> & !A<23> & RW20 & !DS20 & 
	!RAMTOP/AUTOCONFIG/shutup<0>
	# !AS20 & !A<22> & A<21> & !A<23> & !DS20 & 
	!RAMTOP/AUTOCONFIG/shutup<0> & !A<1> & !A<0>;
   RAMCS<3>.CLK = CLKCPU;	// GCK
   RAMCS<3>.AP = AS20;    

!RAMOE.D = !AS20 & !A<22> & A<21> & !A<23> & !DS20 & 
	!RAMTOP/AUTOCONFIG/shutup<0>;
   RAMOE.CLK = CLKCPU;	// GCK
   RAMOE.AP = AS20;    

!RAMTOP/AUTOCONFIG/config_out<0>.D = !RAMTOP/AUTOCONFIG/shutup<0> & 
	!RAMTOP/AUTOCONFIG/configured<0>;
   RAMTOP/AUTOCONFIG/config_out<0>.CLK = AS20;
   RAMTOP/AUTOCONFIG/config_out<0>.AR = !RESET;    

!RAMTOP/AUTOCONFIG/config_out<1>.D = !RAMTOP/AUTOCONFIG/shutup<1> & 
	!RAMTOP/AUTOCONFIG/configured<1>;
   RAMTOP/AUTOCONFIG/config_out<1>.CLK = AS20;
   RAMTOP/AUTOCONFIG/config_out<1>.AR = !RESET;    

RAMTOP/AUTOCONFIG/configured<0>.D = Vcc;
   RAMTOP/AUTOCONFIG/configured<0>.CLK = !DS20;
   RAMTOP/AUTOCONFIG/configured<0>.AR = !RESET;
   RAMTOP/AUTOCONFIG/configured<0>.CE = A<22> & A<21> & A<19> & !A<16> & A<23> & !A<20> & 
	!A<18> & !A<17> & !A<4> & !A<2> & !RW20 & 
	!RAMTOP/AUTOCONFIG/config_out<1> & !RAMTOP/AUTOCONFIG/config_out<0> & !A<1> & A<6> & 
	!A<5> & A<3>;    

RAMTOP/AUTOCONFIG/configured<1>.D = Vcc;
   RAMTOP/AUTOCONFIG/configured<1>.CLK = !DS20;
   RAMTOP/AUTOCONFIG/configured<1>.AR = !RESET;
   RAMTOP/AUTOCONFIG/configured<1>.CE = A<22> & A<21> & A<19> & !A<16> & A<23> & !A<20> & 
	!A<18> & !A<17> & !A<4> & !A<2> & !RW20 & 
	!RAMTOP/AUTOCONFIG/config_out<1> & RAMTOP/AUTOCONFIG/config_out<0> & !A<1> & A<6> & 
	!A<5> & A<3>;    

RAMTOP/AUTOCONFIG/shutup<0>.D = Vcc;
   RAMTOP/AUTOCONFIG/shutup<0>.CLK = !DS20;
   RAMTOP/AUTOCONFIG/shutup<0>.AR = !RESET;
   RAMTOP/AUTOCONFIG/shutup<0>.CE = A<22> & A<21> & A<19> & !A<16> & A<23> & !A<20> & 
	!A<18> & !A<17> & !A<4> & A<2> & !RW20 & 
	!RAMTOP/AUTOCONFIG/config_out<1> & !RAMTOP/AUTOCONFIG/config_out<0> & !A<1> & A<6> & 
	!A<5> & A<3>;    

RAMTOP/AUTOCONFIG/shutup<1>.D = Vcc;
   RAMTOP/AUTOCONFIG/shutup<1>.CLK = !DS20;
   RAMTOP/AUTOCONFIG/shutup<1>.AR = !RESET;
   RAMTOP/AUTOCONFIG/shutup<1>.CE = A<22> & A<21> & A<19> & !A<16> & A<23> & !A<20> & 
	!A<18> & !A<17> & !A<4> & A<2> & !RW20 & 
	!RAMTOP/AUTOCONFIG/config_out<1> & RAMTOP/AUTOCONFIG/config_out<0> & !A<1> & A<6> & 
	!A<5> & A<3>;    

RAMTOP/GAYLE/INT_CHNG.T = !AS20 & RAMTOP/GAYLE/INT_CHNG & !D<7>.PIN & A<22> & 
	!A<21> & A<19> & !A<16> & A<23> & A<20> & !A<18> & A<17> & 
	A<15> & !A<13> & !RW20 & A<12>;
   RAMTOP/GAYLE/INT_CHNG.CLK = !AS20 & A<22> & !A<21> & A<19> & !A<16> & A<23> & 
	A<20> & A<17> & !DS20 & $OpTx$FX_DC$32;
   RAMTOP/GAYLE/INT_CHNG.AP = RAMTOP/GAYLE/intena & IDEINT & 
	!RAMTOP/GAYLE/intlast;
   RAMTOP/GAYLE/INT_CHNG.AR = !RESET;    

RAMTOP/GAYLE/gayleid<1>.T = A<18> & !A<13> & RW20 & A<12> & 
	!RAMTOP/GAYLE/gayleid<1>
	# A<18> & !A<13> & !RW20 & A<12> & 
	RAMTOP/GAYLE/gayleid<1>;
   RAMTOP/GAYLE/gayleid<1>.CLK = !AS20 & A<22> & !A<21> & A<19> & !A<16> & A<23> & 
	A<20> & A<17> & !DS20 & $OpTx$FX_DC$32;
   RAMTOP/GAYLE/gayleid<1>.AR = !RESET;    

RAMTOP/GAYLE/gayleid<2>.T = A<18> & !A<13> & !RW20 & A<12> & 
	!RAMTOP/GAYLE/gayleid<2>
	# A<18> & !A<13> & A<12> & RAMTOP/GAYLE/gayleid<1> & 
	!RAMTOP/GAYLE/gayleid<2>
	# A<18> & !A<13> & RW20 & A<12> & 
	!RAMTOP/GAYLE/gayleid<1> & RAMTOP/GAYLE/gayleid<2>;
   RAMTOP/GAYLE/gayleid<2>.CLK = !AS20 & A<22> & !A<21> & A<19> & !A<16> & A<23> & 
	A<20> & A<17> & !DS20 & $OpTx$FX_DC$32;
   RAMTOP/GAYLE/gayleid<2>.AP = !RESET;    

RAMTOP/GAYLE/gayleid<3>.T = A<18> & !A<13> & !RW20 & A<12> & 
	!RAMTOP/GAYLE/gayleid<3>
	# A<18> & !A<13> & A<12> & RAMTOP/GAYLE/gayleid<2> & 
	!RAMTOP/GAYLE/gayleid<3>
	# A<18> & !A<13> & RW20 & A<12> & 
	!RAMTOP/GAYLE/gayleid<2> & RAMTOP/GAYLE/gayleid<3>;
   RAMTOP/GAYLE/gayleid<3>.CLK = !AS20 & A<22> & !A<21> & A<19> & !A<16> & A<23> & 
	A<20> & A<17> & !DS20 & $OpTx$FX_DC$32;
   RAMTOP/GAYLE/gayleid<3>.AP = !RESET;    

RAMTOP/GAYLE/intena.D = D<7>.PIN;
   RAMTOP/GAYLE/intena.CLK = !AS20 & A<22> & !A<21> & A<19> & !A<16> & A<23> & 
	A<20> & A<17> & !DS20 & $OpTx$FX_DC$32;
   RAMTOP/GAYLE/intena.AR = !RESET;
   RAMTOP/GAYLE/intena.CE = !A<18> & A<13> & !RW20 & !A<12>;    

RAMTOP/GAYLE/intlast.D = IDEINT;
   RAMTOP/GAYLE/intlast.CLK = CLKCPU;	// GCK    

!RAMTOP/WAITSTATE.D = !AS20 & !A<22> & A<21> & !A<23> & !DS20 & 
	!RAMTOP/AUTOCONFIG/shutup<0>;
   RAMTOP/WAITSTATE.CLK = CLKCPU;	// GCK
   RAMTOP/WAITSTATE.AP = AS20;    

RAMTOP/gayle_dout.D = RAMTOP/GAYLE/INT_CHNG & !A<18> & !A<13> & RW20 & 
	A<12>
	# A<18> & !A<13> & RW20 & A<12> & 
	RAMTOP/GAYLE/gayleid<3>
	# A<18> & !A<13> & !RW20 & A<12> & 
	RAMTOP/gayle_dout
;Imported pterms FB1_1
	# RAMTOP/GAYLE/intena & !A<18> & A<13> & RW20 & 
	!A<12>
	# !A<18> & A<13> & !RW20 & !A<12> & 
	RAMTOP/gayle_dout
	# !A<18> & !A<13> & RW20 & !A<12> & IDEINT;
   RAMTOP/gayle_dout.CLK = !AS20 & A<22> & !A<21> & A<19> & !A<16> & A<23> & 
	A<20> & A<17> & !DS20 & $OpTx$FX_DC$32;
   RAMTOP/gayle_dout.CE = RESET;    

!RAMTOP/intcycle_dout.D = !AS20 & A<22> & A<21> & A<19> & A<16> & A<23> & 
	!A<20> & !A<18> & !A<17> & RW20 & 
	!RAMTOP/AUTOCONFIG/shutup<1>
	# !AS20 & A<22> & A<21> & A<19> & !A<16> & A<23> & 
	!A<20> & !A<18> & !A<17> & RW20 & 
	!RAMTOP/AUTOCONFIG/config_out<1>
	# !AS20 & A<22> & !A<21> & A<19> & !A<16> & A<23> & 
	A<20> & A<18> & A<17> & !A<15> & RW20
	# !AS20 & A<22> & !A<21> & A<19> & !A<16> & A<23> & 
	A<20> & !A<18> & A<17> & A<15> & RW20
;Imported pterms FB3_17
	# !AS20 & A<22> & A<21> & A<19> & !A<16> & A<23> & 
	!A<20> & !A<18> & !A<17> & RW20 & 
	!RAMTOP/AUTOCONFIG/config_out<0>;
   RAMTOP/intcycle_dout.CLK = CLKCPU;	// GCK
   RAMTOP/intcycle_dout.AP = AS20;    

!RAMTOP/zii_dout<4>.D = A<4> & !A<2> & !A<6> & !A<5> & !A<3>
	# A<4> & !A<1> & !A<6> & !A<5> & !A<3>
	# !A<2> & !RAMTOP/AUTOCONFIG/config_out<1> & 
	!RAMTOP/AUTOCONFIG/config_out<0> & !A<6> & !A<5> & !A<3>
;Imported pterms FB2_18
	# !A<4> & A<2> & A<1> & !A<6> & !A<5> & !A<3>
	# !A<4> & A<2> & !A<1> & !A<6> & A<5> & !A<3>
	# !A<4> & RAMTOP/AUTOCONFIG/config_out<1> & 
	!RAMTOP/zii_dout<4> & !A<6> & !A<5> & !A<3>
	# !A<2> & RAMTOP/AUTOCONFIG/config_out<1> & 
	!RAMTOP/zii_dout<4> & !A<6> & !A<5> & !A<3>
	# !A<2> & !RAMTOP/AUTOCONFIG/config_out<1> & !A<1> & 
	!A<6> & !A<5> & !A<3>;
   RAMTOP/zii_dout<4>.CLK = !DS20;
   RAMTOP/zii_dout<4>.AP = !RESET;    

!RAMTOP/zii_dout<5>.D = !A<4> & A<1> & !A<6> & A<5> & !A<3>
	# A<4> & !A<2> & A<1> & !A<6> & !A<5> & !A<3>
	# !A<2> & RAMTOP/AUTOCONFIG/config_out<1> & 
	!RAMTOP/zii_dout<5> & A<1> & !A<6> & !A<5> & !A<3>
;Imported pterms FB2_14
	# !A<4> & !A<2> & !RAMTOP/AUTOCONFIG/config_out<1> & 
	RAMTOP/AUTOCONFIG/config_out<0> & !A<6> & !A<5> & !A<3>
	# !A<4> & RAMTOP/AUTOCONFIG/config_out<1> & 
	!RAMTOP/zii_dout<5> & !A<1> & !A<6> & !A<5> & !A<3>;
   RAMTOP/zii_dout<5>.CLK = !DS20;
   RAMTOP/zii_dout<5>.AP = !RESET;    

!RAMTOP/zii_dout<6>.D = A<4> & A<2> & !A<1> & !A<6> & !A<5> & !A<3>
	# !A<4> & !A<2> & RAMTOP/AUTOCONFIG/config_out<1> & 
	!RAMTOP/zii_dout<6> & !A<6> & !A<5> & !A<3>
	# !A<4> & RAMTOP/AUTOCONFIG/config_out<1> & 
	!RAMTOP/zii_dout<6> & !A<1> & !A<6> & !A<5> & !A<3>
;Imported pterms FB2_12
	# !A<4> & !A<2> & !RAMTOP/AUTOCONFIG/config_out<1> & 
	RAMTOP/AUTOCONFIG/config_out<0> & A<1> & !A<6> & !A<5> & !A<3>;
   RAMTOP/zii_dout<6>.CLK = !DS20;
   RAMTOP/zii_dout<6>.AP = !RESET;    

!RAMTOP/zii_dout<7>.D = A<4> & A<2> & !A<6> & !A<5> & !A<3>
	# !A<4> & !A<2> & !RAMTOP/zii_dout<7> & A<1> & !A<6> & 
	!A<5> & !A<3>
	# !A<4> & RAMTOP/AUTOCONFIG/config_out<1> & 
	!RAMTOP/zii_dout<7> & !A<1> & !A<6> & !A<5> & !A<3>
;Imported pterms FB2_17
	# !A<4> & !A<2> & !A<1> & !A<6> & !A<5> & A<3>
	# !A<4> & !A<2> & !RAMTOP/AUTOCONFIG/config_out<1> & 
	A<1> & !A<6> & !A<5> & !A<3>
	# A<2> & !RAMTOP/AUTOCONFIG/config_out<1> & 
	RAMTOP/AUTOCONFIG/config_out<0> & !A<1> & !A<6> & !A<5> & !A<3>;
   RAMTOP/zii_dout<7>.CLK = !DS20;
   RAMTOP/zii_dout<7>.AP = !RESET;    

SPI_CLK = Gnd;    

SPI_CS<0> = Vcc;    

SPI_CS<1> = Vcc;    

SPI_MOSI = Gnd;    

STERM.D = RAMTOP/WAITSTATE;
   STERM.CLK = CLKCPU;	// GCK
   STERM.AP = AS20;    

******************************  Device Pin Out *****************************

Device : XC9572XL-10-VQ64


   -----------------------------------------------  
  /48 47 46 45 44 43 42 41 40 39 38 37 36 35 34 33 \
 | 49                                           32 | 
 | 50                                           31 | 
 | 51                                           30 | 
 | 52                                           29 | 
 | 53                                           28 | 
 | 54                                           27 | 
 | 55                                           26 | 
 | 56              XC9572XL-10-VQ64             25 | 
 | 57                                           24 | 
 | 58                                           23 | 
 | 59                                           22 | 
 | 60                                           21 | 
 | 61                                           20 | 
 | 62                                           19 | 
 | 63                                           18 | 
 | 64                                           17 | 
 \ 1  2  3  4  5  6  7  8  9  10 11 12 13 14 15 16 /
   -----------------------------------------------  


Pin Signal                         Pin Signal                        
No. Name                           No. Name                          
  1 A<22>                            33 D<4>                          
  2 A<21>                            34 D<7>                          
  3 VCC                              35 A<16>                         
  4 A<1>                             36 KPR                           
  5 SPI_MOSI                         37 VCC                           
  6 KPR                              38 A<15>                         
  7 SPI_CS<0>                        39 SIZ<1>                        
  8 SPI_CS<1>                        40 RW20                          
  9 A<2>                             41 GND                           
 10 A<3>                             42 SIZ<0>                        
 11 A<4>                             43 STERM                         
 12 A<5>                             44 CIIN                          
 13 A<6>                             45 DS20                          
 14 GND                              46 KPR                           
 15 SPI_CLK                          47 AS20                          
 16 CLKCPU                           48 CBACK                         
 17 A<20>                            49 A<13>                         
 18 A<19>                            50 A<12>                         
 19 A<18>                            51 A<0>                          
 20 A<17>                            52 IDEWAIT                       
 21 GND                              53 TDO                           
 22 RAMOE                            54 GND                           
 23 RAMCS<3>                         55 VCC                           
 24 RAMCS<2>                         56 INTCYCLE                      
 25 RAMCS<1>                         57 IDEINT                        
 26 VCC                              58 D<2>                          
 27 RAMCS<0>                         59 D<3>                          
 28 TDI                              60 RESET                         
 29 TMS                              61 D<1>                          
 30 TCK                              62 D<0>                          
 31 D<6>                             63 INT2                          
 32 D<5>                             64 A<23>                         


Legend :  NC  = Not Connected, unbonded pin
         PGND = Unused I/O configured as additional Ground pin
         TIE  = Unused I/O floating -- must tie to VCC, GND or other signal
         KPR  = Unused I/O with weak keeper (leave unconnected)
         VCC  = Dedicated Power Pin
         GND  = Dedicated Ground Pin
         TDI  = Test Data In, JTAG pin
         TDO  = Test Data Out, JTAG pin
         TCK  = Test Clock, JTAG pin
         TMS  = Test Mode Select, JTAG pin
  PROHIBITED  = User reserved pin
****************************  Compiler Options  ****************************

Following is a list of all global compiler options used by the fitter run.

Device(s) Specified                         : xc9572xl-10-VQ64
Optimization Method                         : SPEED
Multi-Level Logic Optimization              : ON
Ignore Timing Specifications                : OFF
Default Register Power Up Value             : LOW
Keep User Location Constraints              : ON
What-You-See-Is-What-You-Get                : OFF
Exhaustive Fitting                          : OFF
Keep Unused Inputs                          : OFF
Slew Rate                                   : FAST
Power Mode                                  : STD
Ground on Unused IOs                        : OFF
Set I/O Pin Termination                     : KEEPER
Global Clock Optimization                   : ON
Global Set/Reset Optimization               : ON
Global Ouput Enable Optimization            : ON
Input Limit                                 : 54
Pterm Limit                                 : 90
